2023,09,24,	:07:53:32	ef861406-31ad-4ebe-af5d-7d94103b5619	TypeError : Cannot read properties of null (reading 'chat_msg')	POST	/chat-message	undefined
2023,09,24,	:07:55:02	fb12cbbb-06b2-4bd1-b368-07d518fb2bfe	TypeError : Cannot read properties of null (reading 'chat_msg')	POST	/chat-message	undefined
2023,09,24,	:07:56:44	eb1c684e-8fa9-4fe5-bb60-968bc842af78	TypeError : Cannot read properties of null (reading 'chat_msg')	POST	/chat-message	undefined
2023,09,24,	:07:57:41	8c90f409-576f-4f2c-90ae-053a4d6d861b	TypeError : Cannot read properties of null (reading 'chat_msg')	POST	/chat-message	undefined
2023,09,24,	:08:07:54	7041fe89-6cb3-47f7-910d-3ae62da9d84e	TypeError : Cannot read properties of null (reading 'chat_msg')	PUT	/chat-message	undefined
2023,09,24,	:08:12:02	fcc5ffb5-1f32-48bb-a026-9089e3462710	ReferenceError : Cannot access 'chat_msg' before initialization	PUT	/chat-message	undefined
2023,09,24,	:08:12:27	8d3a2865-81ff-40a5-9acb-d2c77b7edc89	ReferenceError : Cannot access 'chat_msg' before initialization	PUT	/chat-message	undefined
2023,09,24,	:08:13:17	df8cd9f4-a3bc-4350-8577-8ff58beb7ca1	TypeError : Cannot destructure property 'chat_msg' of 'checkChatObj' as it is null.	PUT	/chat-message	undefined
2023,09,24,	:08:14:42	43c5926e-2025-4252-803a-48f78f061fb6	TypeError : Cannot read properties of null (reading 'chat_msg')	PUT	/chat-message	undefined
2023,09,24,	:08:15:27	45c8c9e0-87e1-4d76-903e-78a4fc62af8a	TypeError : Cannot read properties of null (reading 'chat_msg')	PUT	/chat-message	undefined
2023,09,24,	:08:17:27	fb458600-7de5-4820-b6f7-fee649962210	TypeError : chatModel.save is not a function	PUT	/chat-message	undefined
2023,09,24,	:08:29:39	161ac656-bbe6-46ec-b611-b73d71e7dc46	ObjectParameterError : Parameter "filter" to findOne() must be an object, got "65095b174a627fa5d4969e26" (type string)	PUT	/chat-message	undefined
2023,09,24,	:08:34:59	af9a8fb2-d74a-4976-abc3-deb8a7f06c79	TypeError : Cannot set properties of null (setting 'project_id')	PUT	/chat-message	undefined
2023,09,24,	:08:36:01	32d11173-8726-43ba-8e76-59132def0ad2	TypeError : Cannot set properties of null (setting 'chat_msg')	PUT	/chat-message	undefined
2023,09,24,	:12:34:13	6b0920a0-6907-4488-b7b4-befb412b4dad	CastError : Cast to ObjectId failed for value "undefined" (type string) at path "project_id" for model "project_chat_data"	GET	/chat-message/undefined	http://localhost:3000
2023,09,24,	:12:45:14	364902b6-2edb-4fc9-9b4a-e76a65ad8ad5	CastError : Cast to ObjectId failed for value "undefined" (type string) at path "project_id" for model "project_chat_data"	GET	/chat-message/undefined	http://localhost:3000
2023,09,24,	:13:17:07	29066e86-bbfa-4f87-8f88-8f432990636f	CastError : Cast to ObjectId failed for value "undefined" (type string) at path "project_id" for model "project_chat_data"	GET	/chat-message/undefined	http://localhost:3000
2023,09,24,	:13:17:28	82909e60-8df1-4a60-8860-99104ec925ae	CastError : Cast to ObjectId failed for value "undefined" (type string) at path "project_id" for model "project_chat_data"	GET	/chat-message/undefined	http://localhost:3000
2023,09,24,	:21:53:35	a118fe7a-7d36-4ff3-92e3-e8c9c00b39bf	MongooseError : Operation `project_chat_datas.findOne()` buffering timed out after 10000ms	PUT	/chat-message	http://localhost:3000
2023,09,24,	:21:53:49	4207aaac-a820-4be6-acc5-8b444281f9dc	MongooseError : Operation `project_chat_datas.findOne()` buffering timed out after 10000ms	PUT	/chat-message	http://localhost:3000
2023,09,24,	:21:53:56	c8fd7b38-eda4-4b9e-b020-032b94864e69	MongooseError : Operation `project_chat_datas.findOne()` buffering timed out after 10000ms	PUT	/chat-message	http://localhost:3000
2023,09,24,	:21:53:59	0a93d595-0937-43ed-bba4-c2f76489e262	MongooseError : Operation `project_chat_datas.findOne()` buffering timed out after 10000ms	PUT	/chat-message	http://localhost:3000
2023,09,24,	:21:56:39	6323f543-1ca3-45e8-90df-952b12bde450	MongooseError : Operation `project_chat_datas.findOne()` buffering timed out after 10000ms	PUT	/chat-message	http://localhost:3000
2023,09,24,	:21:58:12	76022ae9-b108-4271-a6d9-5c9bce37399c	MongooseError : Operation `project_chat_datas.findOne()` buffering timed out after 10000ms	PUT	/chat-message	http://localhost:3000
2023,09,24,	:21:58:17	d0b2205f-3c5f-4c5e-be35-449a93afb208	MongooseError : Operation `project_chat_datas.findOne()` buffering timed out after 10000ms	PUT	/chat-message	http://localhost:3000
2023,09,24,	:21:58:24	ee5a08af-39c7-4ed6-8872-dddf8ff9ce1e	MongooseError : Operation `project_chat_datas.findOne()` buffering timed out after 10000ms	PUT	/chat-message	http://localhost:3000
2023,09,24,	:21:58:53	2e4d72e2-8bbe-4c0a-bf21-2186fd7a7b4c	MongooseError : Operation `users.findOne()` buffering timed out after 10000ms	GET	/graphic-project/6504c5d018ac201218e92035	http://localhost:3000
2023,09,24,	:21:59:08	32539de0-69aa-4bee-bab0-01497b4d9f29	MongooseError : Operation `users.findOne()` buffering timed out after 10000ms	GET	/graphic-project/650881256b52f36cf6315cf0	http://localhost:3000
2023,09,24,	:21:59:13	f1dc649c-4822-47df-90d2-551919193489	MongooseError : Operation `project_chat_datas.findOne()` buffering timed out after 10000ms	PUT	/chat-message	http://localhost:3000
2023,09,24,	:21:59:18	b65d24b4-afec-4da8-ba61-1347d7d07d18	MongooseError : Operation `project_chat_datas.findOne()` buffering timed out after 10000ms	PUT	/chat-message	http://localhost:3000
2023,09,24,	:21:59:24	85ddf226-5224-481f-9ab0-ec50f2357a36	MongooseError : Operation `project_chat_datas.findOne()` buffering timed out after 10000ms	PUT	/chat-message	http://localhost:3000
2023,09,24,	:21:59:52	533da592-bf82-4930-acf4-b8c63bdb94c6	MongooseError : Operation `project_chat_datas.findOne()` buffering timed out after 10000ms	PUT	/chat-message	http://localhost:3000
2023,09,24,	:22:00:07	087c95a9-80c9-4233-916e-88a60615f807	MongooseError : Operation `project_chat_datas.findOne()` buffering timed out after 10000ms	PUT	/chat-message	http://localhost:3000
2023,09,24,	:22:00:16	5d27c4e8-9cdb-4893-922a-fc79979ae2f3	MongooseError : Operation `project_chat_datas.findOne()` buffering timed out after 10000ms	PUT	/chat-message	http://localhost:3000
2023,09,24,	:22:01:33	6b2d8b48-e2da-4f8a-882b-2c3c02ed0193	MongooseError : Operation `project_chat_datas.findOne()` buffering timed out after 10000ms	PUT	/chat-message	http://localhost:3000
2023,09,24,	:22:01:42	2cc825a6-e224-4330-b3b9-d09f09190218	MongooseError : Operation `project_chat_datas.findOne()` buffering timed out after 10000ms	PUT	/chat-message	http://localhost:3000
2023,09,24,	:22:12:31	67a9302d-97de-4135-9dce-581c2b2c76b2	MongooseError : Operation `project_chat_datas.findOne()` buffering timed out after 10000ms	PUT	/chat-message	http://localhost:3000
2023,09,24,	:22:12:35	387c85c5-03b3-4c26-a3a2-27f5027be65c	MongooseError : Operation `project_chat_datas.findOne()` buffering timed out after 10000ms	PUT	/chat-message	http://localhost:3000
2023,09,24,	:22:12:42	9b4380b6-241d-473c-b321-0832f3349f9d	MongooseError : Operation `project_chat_datas.findOne()` buffering timed out after 10000ms	PUT	/chat-message	http://localhost:3000
2023,09,24,	:22:12:50	b8ddbe75-5b79-4999-aae5-207816d18a4e	MongooseError : Operation `project_chat_datas.findOne()` buffering timed out after 10000ms	PUT	/chat-message	http://localhost:3000
2023,09,24,	:22:13:09	a5d2cda2-de5b-4348-8902-b17f3e1b3bb9	MongooseError : Operation `project_chat_datas.findOne()` buffering timed out after 10000ms	PUT	/chat-message	http://localhost:3000
2023,09,24,	:22:13:14	c845fbae-a809-41f0-ba6d-b8b7ffed734e	MongooseError : Operation `project_chat_datas.findOne()` buffering timed out after 10000ms	PUT	/chat-message	http://localhost:3000
2023,09,24,	:22:13:26	a74367ce-3eac-43f8-be92-0bf18fbf4ad2	MongooseError : Operation `project_chat_datas.findOne()` buffering timed out after 10000ms	PUT	/chat-message	http://localhost:3000
2023,09,24,	:23:40:36	287aa3b1-dfac-440d-914d-9d3b172ae3e9	MongooseError : Operation `users.findOne()` buffering timed out after 10000ms	GET	/graphic-project/650881256b52f36cf6315cf0	http://localhost:3000
2023,09,24,	:23:40:36	1500f615-fed0-44f9-a056-dce77a35a901	MongooseError : Operation `users.findOne()` buffering timed out after 10000ms	GET	/graphic-project/6504c5d018ac201218e92035	http://localhost:3000
2023,09,24,	:23:41:03	53b52d08-0911-431e-8e8e-0ba2c2b78533	MongooseError : Operation `users.findOne()` buffering timed out after 10000ms	POST	/authentication/sign-in	http://localhost:3000
2023,09,24,	:23:41:06	95d10b4f-be3b-4924-8423-4ced46d220a9	MongooseError : Operation `users.findOne()` buffering timed out after 10000ms	POST	/authentication/sign-in	http://localhost:3000
2023,09,25,	:03:45:48	45a7ea67-6d2b-4c07-ad36-ce31cb82d619	CastError : Cast to ObjectId failed for value "undefined" (type string) at path "project_id" for model "project_chat_data"	GET	/chat-message/undefined	http://localhost:3000
2023,09,25,	:03:48:31	53d9d8b8-d629-4578-a7ba-96cbdc0ad5b2	TypeError : Cannot read properties of null (reading 'chat_msg')	PUT	/chat-message	http://localhost:3000
2023,09,25,	:03:51:29	fd6d7bcc-a820-4cd1-bc69-c8472112e638	TypeError : Cannot read properties of null (reading 'chat_msg')	PUT	/chat-message	http://localhost:3000
2023,09,25,	:08:39:32	5e8c3cd5-42d1-4f86-80a0-3e1598a28cbe	MongooseError : Operation `users.findOne()` buffering timed out after 10000ms	GET	/graphic-project/6504c8070875dfbfabb066b3	http://localhost:3000
2023,09,25,	:08:39:36	27386341-228c-4401-860e-1d71f9d1fbe9	MongooseError : Operation `project_chat_datas.findOne()` buffering timed out after 10000ms	GET	/chat-message/65095f774a627fa5d4969e52	http://localhost:3000
2023,09,25,	:08:40:20	1dc8f59b-d4a9-4060-9609-3e4499c0791c	MongooseError : Operation `project_chat_datas.findOne()` buffering timed out after 10000ms	PUT	/chat-message	http://localhost:3000
2023,09,25,	:08:41:20	295f14f6-371b-43c4-8ed4-d795bb5178d7	MongooseError : Operation `project_chat_datas.findOne()` buffering timed out after 10000ms	PUT	/chat-message	http://localhost:3000
2023,09,25,	:08:41:43	b398ec0b-d0c4-4bd0-ab16-4fa9da5f7770	MongooseError : Operation `project_chat_datas.findOne()` buffering timed out after 10000ms	GET	/chat-message/65095f774a627fa5d4969e52	http://localhost:3000
2023,09,25,	:08:43:03	ef55a192-2f5f-43a6-9a42-4ad72aa3cea2	MongooseError : Operation `project_chat_datas.findOne()` buffering timed out after 10000ms	GET	/chat-message/65095f774a627fa5d4969e52	http://localhost:3000
2023,09,25,	:08:43:13	dba36d50-d75b-41d5-8cd1-55d94908d08e	MongooseError : Operation `project_chat_datas.findOne()` buffering timed out after 10000ms	GET	/chat-message/65095f774a627fa5d4969e52	http://localhost:3000
2023,09,25,	:08:43:23	4519dfa1-1348-4248-81f7-57613a1adde6	MongooseError : Operation `project_chat_datas.findOne()` buffering timed out after 10000ms	GET	/chat-message/65095f774a627fa5d4969e52	http://localhost:3000
2023,09,25,	:08:49:08	cb96ccaa-3b42-4a63-8a59-bc161e8b8c03	MongooseError : Operation `project_chat_datas.findOne()` buffering timed out after 10000ms	GET	/chat-message/65095f774a627fa5d4969e52	http://localhost:3000
2023,09,25,	:08:49:41	4ed17c9c-d5cc-469e-b27a-4f84409b7368	MongooseError : Operation `project_chat_datas.findOne()` buffering timed out after 10000ms	GET	/chat-message/65095f774a627fa5d4969e52	http://localhost:3000
2023,09,25,	:08:52:11	6cccb702-3dff-4eca-8277-0d012cb3eaa8	MongooseError : Operation `project_chat_datas.findOne()` buffering timed out after 10000ms	GET	/chat-message/65095f774a627fa5d4969e52	http://localhost:3000
2023,09,25,	:08:52:42	610dc451-e36a-4a42-a92c-60876f32f602	MongooseError : Operation `project_chat_datas.findOne()` buffering timed out after 10000ms	GET	/chat-message/65095f774a627fa5d4969e52	http://localhost:3000
2023,09,25,	:08:53:25	637217a3-1b89-4b9e-a087-7b9dd2a9d10b	MongooseError : Operation `project_chat_datas.findOne()` buffering timed out after 10000ms	GET	/chat-message/65095f774a627fa5d4969e52	http://localhost:3000
2023,09,25,	:08:53:43	f7131a3d-f9c3-4f8a-92c5-43a48a876382	MongooseError : Operation `project_chat_datas.findOne()` buffering timed out after 10000ms	GET	/chat-message/65095f774a627fa5d4969e52	http://localhost:3000
2023,09,25,	:08:53:43	6be27fda-cf20-48d6-8a8b-46a86e826cfc	MongooseError : Operation `project_chat_datas.findOne()` buffering timed out after 10000ms	GET	/chat-message/65095f774a627fa5d4969e52	http://localhost:3000
2023,09,25,	:08:53:53	a8b72a45-7fbf-43d4-8848-9ae8e0c54eba	MongooseError : Operation `project_chat_datas.findOne()` buffering timed out after 10000ms	GET	/chat-message/65095f774a627fa5d4969e52	http://localhost:3000
2023,09,25,	:08:54:08	95834ba4-a783-4357-bc57-118e8c4f34ff	MongooseError : Operation `project_chat_datas.findOne()` buffering timed out after 10000ms	GET	/chat-message/65095f774a627fa5d4969e52	http://localhost:3000
2023,09,25,	:08:55:15	4f9df5d6-3538-4db8-a58c-a313b71a0db3	MongooseError : Operation `project_chat_datas.findOne()` buffering timed out after 10000ms	GET	/chat-message/65095f774a627fa5d4969e52	http://localhost:3000
2023,09,25,	:08:56:18	72548cb2-522d-42c9-a561-3cc2a9dedf49	MongooseError : Operation `project_chat_datas.findOne()` buffering timed out after 10000ms	GET	/chat-message/65095f774a627fa5d4969e52	http://localhost:3000
2023,09,25,	:08:56:50	dcbaa8e6-cf54-42aa-89df-76ad8ec7d7be	MongooseError : Operation `project_chat_datas.findOne()` buffering timed out after 10000ms	GET	/chat-message/65095f774a627fa5d4969e52	http://localhost:3000
2023,09,25,	:08:56:56	b6695c4a-c69b-4a9d-8d8b-5f4b0461db54	MongooseError : Operation `project_chat_datas.findOne()` buffering timed out after 10000ms	GET	/chat-message/65095f774a627fa5d4969e52	http://localhost:3000
2023,09,25,	:08:57:30	4a2affb0-da20-440f-acaf-b243e865ea23	MongooseError : Operation `project_chat_datas.findOne()` buffering timed out after 10000ms	GET	/chat-message/65095f774a627fa5d4969e52	http://localhost:3000
2023,09,25,	:08:57:41	fcaeeb22-f1dd-4d48-8f5c-5eac003e2db7	MongooseError : Operation `project_chat_datas.findOne()` buffering timed out after 10000ms	GET	/chat-message/65095f774a627fa5d4969e52	http://localhost:3000
2023,09,25,	:08:58:22	7d8a000e-277f-4f42-a3a5-56ae43e0ea61	MongooseError : Operation `project_chat_datas.findOne()` buffering timed out after 10000ms	GET	/chat-message/65095f774a627fa5d4969e52	http://localhost:3000
2023,09,25,	:08:58:38	52fda0df-0ea9-4a13-9ab9-4c1ddb798f7e	MongooseError : Operation `project_chat_datas.findOne()` buffering timed out after 10000ms	GET	/chat-message/65095f774a627fa5d4969e52	http://localhost:3000
2023,09,25,	:08:59:06	2b41bfb4-08cb-465d-a5ac-f93de2c86849	MongooseError : Operation `project_chat_datas.findOne()` buffering timed out after 10000ms	GET	/chat-message/65095f774a627fa5d4969e52	http://localhost:3000
2023,09,25,	:08:59:39	2dade59d-677f-4455-a577-2d62b44f1595	MongooseError : Operation `project_chat_datas.findOne()` buffering timed out after 10000ms	GET	/chat-message/65095f774a627fa5d4969e52	http://localhost:3000
2023,09,25,	:10:30:46	93571ca1-b21f-44df-844e-2903e4f3a356	TypeError : Cannot read properties of null (reading 'chat_msg')	PUT	/chat-message	http://localhost:3000
2023,09,25,	:11:46:54	f2ee32a7-e514-4b8d-badc-0f8411f6b028	MongoServerSelectionError : getaddrinfo ENOTFOUND ac-nbfdaib-shard-00-02.qtlcdaf.mongodb.net	GET	/chat-message/65095ba84a627fa5d4969e31	http://localhost:3000
2023,09,25,	:11:46:54	9f30b0bd-5902-4e56-b487-824b841836af	MongoServerSelectionError : getaddrinfo ENOTFOUND ac-nbfdaib-shard-00-02.qtlcdaf.mongodb.net	GET	/chat-message/65095c554a627fa5d4969e36	http://localhost:3000
2023,09,25,	:11:46:54	c80ed963-23af-4bf2-8491-160567fd651a	MongoServerSelectionError : getaddrinfo ENOTFOUND ac-nbfdaib-shard-00-02.qtlcdaf.mongodb.net	GET	/chat-message/65095ba84a627fa5d4969e31	http://localhost:3000
2023,09,25,	:11:47:37	a2737b5e-1eaf-42df-b92e-b56d8946d53b	MongooseError : Operation `project_chat_datas.findOne()` buffering timed out after 10000ms	GET	/chat-message/65095ba84a627fa5d4969e31	http://localhost:3000
2023,09,25,	:11:47:43	5ad530ca-2544-45c3-a744-c37983dec15f	MongooseError : Operation `project_chat_datas.findOne()` buffering timed out after 10000ms	GET	/chat-message/65095ba84a627fa5d4969e31	http://localhost:3000
2023,09,25,	:11:48:40	4f2267d2-79d4-4bad-b3ff-916e55b1877f	MongooseError : Operation `project_chat_datas.findOne()` buffering timed out after 10000ms	GET	/chat-message/65095ba84a627fa5d4969e31	http://localhost:3000
2023,09,25,	:11:48:40	b3fbccfc-4196-48e6-b2cc-59c8e88f6bf6	MongooseError : Operation `project_chat_datas.findOne()` buffering timed out after 10000ms	GET	/chat-message/65095ba84a627fa5d4969e31	http://localhost:3000
2023,09,25,	:11:48:40	3548fcfc-0a5e-4fd6-9684-9397dc00983d	MongooseError : Operation `project_chat_datas.findOne()` buffering timed out after 10000ms	GET	/chat-message/65095c554a627fa5d4969e36	http://localhost:3000
2023,09,25,	:11:49:32	41b62c24-09bf-46d9-b577-64fd57b6888c	MongooseError : Operation `project_chat_datas.findOne()` buffering timed out after 10000ms	GET	/chat-message/65095ba84a627fa5d4969e31	http://localhost:3000
2023,09,25,	:11:49:34	ea1ac707-0525-445a-abc2-dd20675401ca	MongooseError : Operation `project_chat_datas.findOne()` buffering timed out after 10000ms	GET	/chat-message/65095ba84a627fa5d4969e31	http://localhost:3000
2023,09,25,	:11:52:49	bccfb403-1ad7-4c2f-b572-9236f4d83ec1	MongooseError : Operation `project_chat_datas.findOne()` buffering timed out after 10000ms	GET	/chat-message/65095ba84a627fa5d4969e31	http://localhost:3000
2023,09,25,	:11:52:49	05459761-5635-4b7b-a6e1-6b34c817e39a	MongooseError : Operation `project_chat_datas.findOne()` buffering timed out after 10000ms	GET	/chat-message/65095ba84a627fa5d4969e31	http://localhost:3000
2023,09,25,	:11:52:50	9ecf6c60-0520-4940-b758-a3a69cec379b	MongooseError : Operation `project_chat_datas.findOne()` buffering timed out after 10000ms	GET	/chat-message/65095c554a627fa5d4969e36	http://localhost:3000
2023,09,25,	:11:52:53	e356ffc2-8ba5-4c23-b421-4b189b24dc21	MongooseError : Operation `project_chat_datas.findOne()` buffering timed out after 10000ms	GET	/chat-message/65095ba84a627fa5d4969e31	http://localhost:3000
2023,09,25,	:11:54:21	b77251b1-645a-40e1-bf3f-fea2d38cc817	MongooseError : Operation `project_chat_datas.findOne()` buffering timed out after 10000ms	GET	/chat-message/65095ba84a627fa5d4969e31	http://localhost:3000
2023,09,25,	:11:54:21	f7925464-4723-4ffa-9f66-67a647ec4cce	MongooseError : Operation `project_chat_datas.findOne()` buffering timed out after 10000ms	GET	/chat-message/65095ba84a627fa5d4969e31	http://localhost:3000
2023,09,25,	:11:54:22	e842c7e6-576a-4023-864d-cbb92edd6588	MongooseError : Operation `project_chat_datas.findOne()` buffering timed out after 10000ms	GET	/chat-message/65095c554a627fa5d4969e36	http://localhost:3000
2023,09,25,	:11:54:24	3d71763d-a768-473e-89e1-802c7c36b523	MongooseError : Operation `project_chat_datas.findOne()` buffering timed out after 10000ms	GET	/chat-message/65095ba84a627fa5d4969e31	http://localhost:3000
2023,09,25,	:11:56:02	59badc07-6f99-46ad-8181-e70f15702a6b	MongooseError : Operation `project_chat_datas.findOne()` buffering timed out after 10000ms	GET	/chat-message/65095ba84a627fa5d4969e31	http://localhost:3000
2023,09,25,	:11:56:02	3a72a2d3-3b41-480f-bbaa-1c01b1812d23	MongooseError : Operation `project_chat_datas.findOne()` buffering timed out after 10000ms	GET	/chat-message/65095ba84a627fa5d4969e31	http://localhost:3000
2023,09,25,	:11:56:03	14973d3b-b665-433b-91aa-c402a5a127ea	MongooseError : Operation `project_chat_datas.findOne()` buffering timed out after 10000ms	GET	/chat-message/65095c554a627fa5d4969e36	http://localhost:3000
2023,09,25,	:11:56:20	d86be98c-e705-4659-aeb6-c46e26a8bad2	MongooseError : Operation `project_chat_datas.findOne()` buffering timed out after 10000ms	GET	/chat-message/65095ba84a627fa5d4969e31	http://localhost:3000
2023,09,25,	:11:56:21	f85bf946-270b-4bc1-b7ce-d69a0f82d764	MongooseError : Operation `project_chat_datas.findOne()` buffering timed out after 10000ms	GET	/chat-message/65095ba84a627fa5d4969e31	http://localhost:3000
2023,09,25,	:11:59:56	1b31238d-1106-4699-adc5-6f114c5e612b	MongooseError : Operation `project_chat_datas.findOne()` buffering timed out after 10000ms	GET	/chat-message/65095ba84a627fa5d4969e31	http://localhost:3000
2023,09,25,	:11:59:56	e33735a5-54c0-49c6-8be6-628addd899a2	MongooseError : Operation `project_chat_datas.findOne()` buffering timed out after 10000ms	GET	/chat-message/65095ba84a627fa5d4969e31	http://localhost:3000
2023,09,25,	:11:59:57	a656001f-5d06-4ea2-85c2-266bbd384a97	MongooseError : Operation `project_chat_datas.findOne()` buffering timed out after 10000ms	GET	/chat-message/65095c554a627fa5d4969e36	http://localhost:3000
2023,09,25,	:16:47:46	30b45293-b95b-4dcf-9483-5a8901e46672	MongooseError : Operation `users.findOne()` buffering timed out after 10000ms	POST	/authentication/sign-in	http://localhost:3000
2023,09,25,	:16:47:48	17e1f24a-4137-4ed9-b815-4c3265408a2f	MongooseError : Operation `users.findOne()` buffering timed out after 10000ms	POST	/authentication/sign-in	http://localhost:3000
2023,09,26,	:07:34:41	bd929fab-34f5-4c1c-94cb-ea4f8f9eda82	TypeError : Cannot convert undefined or null to object	GET	/api/settings-profile/64fe366943475b69f1b73bf5	undefined
2023,09,26,	:07:35:34	ac123734-bfe1-4665-899f-2f86f0c07efd	TypeError : Cannot convert undefined or null to object	GET	/api/settings-profile/64fe366943475b69f1b73bf5	undefined
2023,09,26,	:07:36:08	b1eb8b58-4f28-4dd0-9c9f-db3234c5a6db	TypeError : Cannot convert undefined or null to object	GET	/api/settings-profile/64fe366943475b69f1b73bf5	undefined
2023,09,26,	:10:17:47	a1366274-eeb6-4bd0-a351-c579ddec9bce	TypeError : Cannot convert undefined or null to object	POST	/api/settings-profile	http://localhost:3000
2023,09,26,	:10:21:31	fea26e16-bde6-4a2e-90d0-51ad51980823	TypeError : Cannot read properties of null (reading 'length')	POST	/api/settings-profile	http://localhost:3000
2023,09,26,	:10:46:59	9b964946-dce3-45c2-a582-3c71d27bf4e4	TypeError : Cannot set properties of null (setting 'user')	POST	/api/settings-profile	http://localhost:3000
2023,09,26,	:10:49:32	fa90a589-8598-4b0b-960f-0c6dc48f56fb	TypeError : Cannot set properties of null (setting 'user')	POST	/api/settings-profile	http://localhost:3000
2023,09,26,	:10:50:55	cb36dcb9-e85f-43e5-996c-0684c7faaeb3	TypeError : Cannot set properties of null (setting 'user')	POST	/api/settings-profile	http://localhost:3000
2023,09,26,	:10:51:37	2d7ae752-9fe5-44c6-871c-37930a38b6fa	TypeError : Cannot set properties of null (setting 'user')	POST	/api/settings-profile	http://localhost:3000
2023,09,26,	:10:52:05	e012bc3e-88d2-4459-91a4-bb521ba5259b	TypeError : Cannot set properties of null (setting 'user')	POST	/api/settings-profile	http://localhost:3000
2023,09,26,	:10:52:47	eb569d12-0e3f-4bdc-a173-3483641e4a24	TypeError : Cannot set properties of null (setting 'user')	POST	/api/settings-profile	http://localhost:3000
2023,09,26,	:11:05:27	9f61fa2c-1102-4dee-a5f3-2c49f87615bc	TypeError : Cannot convert undefined or null to object	POST	/api/settings-profile	http://localhost:3000
2023,09,26,	:11:06:32	43189e78-f847-4f92-9e60-224d3e22268b	TypeError : Cannot convert undefined or null to object	POST	/api/settings-profile	http://localhost:3000
2023,09,26,	:11:07:36	12474be7-3b0b-4acf-911c-a7cc0e71d68a	TypeError : Cannot convert undefined or null to object	POST	/api/settings-profile	http://localhost:3000
2023,09,26,	:11:08:36	581293d4-ffbf-49ba-b86a-55f9753ce1a6	TypeError : Cannot set properties of null (setting 'user')	POST	/api/settings-profile	http://localhost:3000
2023,09,26,	:11:09:31	d44fe7dc-bfa7-4e0a-b07b-47475cdd9ac4	TypeError : Cannot set properties of null (setting 'user')	POST	/api/settings-profile	http://localhost:3000
2023,09,26,	:11:14:08	a46085aa-f1df-4300-bc33-391c54ab92e9	TypeError : Cannot read properties of null (reading 'hasOwnProperty')	POST	/api/settings-profile	http://localhost:3000
2023,09,26,	:11:15:49	f803c52f-3bce-4c40-bd8e-e66264cff746	TypeError : Cannot set properties of null (setting 'user')	POST	/api/settings-profile	http://localhost:3000
2023,09,26,	:11:18:29	08637038-5139-454b-b15b-c4b4f259ffbc	TypeError : Cannot set properties of null (setting 'user')	POST	/api/settings-profile	http://localhost:3000
2023,09,26,	:11:19:40	9472ee44-6a99-40ff-9ab8-427a1f01e60a	TypeError : checkField.save is not a function	POST	/api/settings-profile	http://localhost:3000
2023,09,26,	:15:36:51	120237a7-e444-4596-b7a4-f4a185df728a	MulterError : Unexpected field	POST	/api/settings-profile	http://localhost:3000
2023,09,26,	:15:38:55	ac3ca56f-1b01-4ead-b815-1ce1c50f5f60	MulterError : Unexpected field	POST	/api/settings-profile	http://localhost:3000
2023,09,27,	:13:04:22	ab5b1ee6-b3ee-4df1-adc7-f6b71ab4e654	CastError : Cast to ObjectId failed for value "23123123123" (type string) at path "_id" for model "User"	GET	/api/get-designer-list/23123123123	undefined
2023,09,27,	:13:04:32	59bf912a-9e01-44e0-bf87-8579a7d9bfcc	TypeError : Cannot read properties of undefined (reading 'includes')	GET	/api/get-designer-list/650881256b52f36cf6315cf0	undefined
2023,09,27,	:13:05:12	d6e140a9-1258-4d55-999a-9ce839865142	TypeError : Cannot read properties of undefined (reading 'includes')	GET	/api/get-designer-list/650881256b52f36cf6315cf0	undefined
2023,09,28,	:17:35:16	c8458ed5-ab3f-4058-8c56-e903f2a54e1c	ValidationError : brand_model validation failed: userID: Path `userID` is required.	POST	/api/brand	http://localhost:3000
2023,09,28,	:17:37:39	073b42cb-6ecc-4494-b0d1-767f5fba2f9a	ReferenceError : findBrand is not defined	POST	/api/brand	http://localhost:3000
2023,09,29,	:20:54:33	dbac44a8-84c2-41cb-9f57-a2297196a9d0	MongoServerSelectionError : getaddrinfo ENOTFOUND ac-nbfdaib-shard-00-01.qtlcdaf.mongodb.net	GET	/api/brand/64fe366943475b69f1b73bf5	http://localhost:3000
2023,09,29,	:20:57:41	b4588b6e-18ff-4877-b29a-3be0dc681785	MongoServerSelectionError : getaddrinfo ENOTFOUND ac-nbfdaib-shard-00-01.qtlcdaf.mongodb.net	GET	/api/brand/64fe366943475b69f1b73bf5	http://localhost:3000
2023,09,29,	:21:00:25	ec01dd8d-a35c-49a5-a1d0-442357d0ef19	MongoServerSelectionError : getaddrinfo ENOTFOUND ac-nbfdaib-shard-00-01.qtlcdaf.mongodb.net	GET	/api/brand/64fe366943475b69f1b73bf5	http://localhost:3000
2023,09,29,	:21:01:40	1987ce23-26ae-4458-b0c2-69c626285b4f	MongoServerSelectionError : getaddrinfo ENOTFOUND ac-nbfdaib-shard-00-01.qtlcdaf.mongodb.net	GET	/api/brand/64fe366943475b69f1b73bf5	http://localhost:3000
2023,09,29,	:21:03:37	bcc657ea-07ac-445e-a153-6482cd962111	MongoServerSelectionError : getaddrinfo ENOTFOUND ac-nbfdaib-shard-00-01.qtlcdaf.mongodb.net	GET	/api/brand/64fe366943475b69f1b73bf5	http://localhost:3000
2023,09,29,	:21:04:07	3cdaf5b0-5c41-4857-8db3-4e991c93be80	MongoServerSelectionError : getaddrinfo ENOTFOUND ac-nbfdaib-shard-00-01.qtlcdaf.mongodb.net	GET	/api/brand/64fe366943475b69f1b73bf5	http://localhost:3000
2023,09,29,	:21:04:27	559f358e-d996-44e7-841c-93db59a35a97	MongoServerSelectionError : getaddrinfo ENOTFOUND ac-nbfdaib-shard-00-01.qtlcdaf.mongodb.net	GET	/api/brand/64fe366943475b69f1b73bf5	http://localhost:3000
2023,09,29,	:21:04:33	0fefcc79-6267-4877-9a83-5f17a92c270f	MongoServerSelectionError : getaddrinfo ENOTFOUND ac-nbfdaib-shard-00-01.qtlcdaf.mongodb.net	GET	/api/brand/64fe366943475b69f1b73bf5	http://localhost:3000
2023,09,29,	:21:04:57	5ca6c7d4-cac0-4a7d-8638-dc44e2d7d266	MongoServerSelectionError : getaddrinfo ENOTFOUND ac-nbfdaib-shard-00-01.qtlcdaf.mongodb.net	GET	/api/brand/64fe366943475b69f1b73bf5	http://localhost:3000
2023,09,29,	:21:05:10	22408264-900e-4137-8770-2b906e657d42	MongoServerSelectionError : getaddrinfo ENOTFOUND ac-nbfdaib-shard-00-01.qtlcdaf.mongodb.net	GET	/graphic-project/64fe366943475b69f1b73bf5	http://localhost:3000
2023,09,29,	:21:09:08	da03db06-624c-4450-bc48-d5eb9fd40a03	MongoServerSelectionError : getaddrinfo ENOTFOUND ac-nbfdaib-shard-00-01.qtlcdaf.mongodb.net	GET	/graphic-project/64fe366943475b69f1b73bf5	http://localhost:3000
2023,09,29,	:21:14:34	3cde6832-95b5-4605-9422-82fc917d6259	MongoServerSelectionError : getaddrinfo ENOTFOUND ac-nbfdaib-shard-00-01.qtlcdaf.mongodb.net	GET	/graphic-project/64fe366943475b69f1b73bf5	http://localhost:3000
2023,09,29,	:21:22:23	3096893c-4e70-4220-a99f-44104d2dc21e	MongoServerSelectionError : getaddrinfo ENOTFOUND ac-nbfdaib-shard-00-01.qtlcdaf.mongodb.net	GET	/graphic-project/64fe366943475b69f1b73bf5	http://localhost:3000
2023,09,30,	:14:28:24	c37c374c-972f-41b8-8bd0-9a8ff39798ea	Error : data and hash arguments required	PUT	/api/settings/forget-password	http://localhost:3000
2023,09,30,	:14:30:26	760b0891-414d-46b6-9bef-faf8c011ef09	Error : data and hash arguments required	PUT	/api/settings/forget-password	http://localhost:3000
2023,09,30,	:14:31:35	975a8a7b-0939-4c4b-aeab-85eaa5fe639b	Error : data and hash arguments required	PUT	/api/settings/forget-password	http://localhost:3000
2023,09,30,	:14:36:02	0ba58020-f49f-428f-9b9f-a03cc8c25b63	Error : data and hash arguments required	PUT	/api/settings/forget-password	http://localhost:3000
2023,09,30,	:20:38:38	9e787a21-cf49-4455-b952-07961ce05099	MongoServerSelectionError : getaddrinfo ENOTFOUND ac-nbfdaib-shard-00-00.qtlcdaf.mongodb.net	GET	/graphic-project/64fe366943475b69f1b73bf5	http://localhost:3000
2023,09,30,	:20:38:38	d8d185cb-83b6-441d-b0ea-d2f27d2a270e	MongoServerSelectionError : getaddrinfo ENOTFOUND ac-nbfdaib-shard-00-00.qtlcdaf.mongodb.net	GET	/graphic-project/64fe366943475b69f1b73bf5	http://localhost:3000
2023,10,01,	:16:35:49	ea9c6106-ddf6-4415-a962-f3d969c17dc3	CastError : Cast to ObjectId failed for value "undefined" (type string) at path "_id" for model "User"	GET	/api/get-designer-list/undefined	http://localhost:3000
2023,10,01,	:16:36:03	d16a5f72-c95b-4bf2-aeb3-e26e38bfa1da	CastError : Cast to ObjectId failed for value "undefined" (type string) at path "_id" for model "User"	GET	/api/get-designer-list/undefined	http://localhost:3000
2023,10,01,	:16:36:27	7ded123f-bf05-40f2-8641-92e9a298373c	CastError : Cast to ObjectId failed for value "undefined" (type string) at path "_id" for model "User"	GET	/api/get-designer-list/undefined	http://localhost:3000
2023,10,01,	:16:37:49	b1f0e91d-3e3a-4808-830b-446414a54461	CastError : Cast to ObjectId failed for value "undefined" (type string) at path "_id" for model "User"	GET	/api/get-designer-list/undefined	http://localhost:3000
2023,10,01,	:16:37:49	63806e7a-099d-4b7f-b9b4-76763cf601d5	CastError : Cast to ObjectId failed for value "undefined" (type string) at path "_id" for model "User"	GET	/api/get-designer-list/undefined	http://localhost:3000
2023,10,01,	:16:37:49	f8eb945b-05a1-4660-bec5-99e742094c83	CastError : Cast to ObjectId failed for value "undefined" (type string) at path "_id" for model "User"	GET	/api/get-designer-list/undefined	http://localhost:3000
2023,10,01,	:16:37:49	02198154-cd36-4d4b-ba67-f1b78088b432	CastError : Cast to ObjectId failed for value "undefined" (type string) at path "_id" for model "User"	GET	/api/get-designer-list/undefined	http://localhost:3000
2023,10,01,	:16:37:49	dfba5986-d08a-4a08-b39a-bf17448edfb3	CastError : Cast to ObjectId failed for value "undefined" (type string) at path "_id" for model "User"	GET	/api/get-designer-list/undefined	http://localhost:3000
2023,10,01,	:16:38:25	4d5290a7-6498-476f-bd2e-e2b20f59dcb5	CastError : Cast to ObjectId failed for value "undefined" (type string) at path "_id" for model "User"	GET	/api/get-designer-list/undefined	http://localhost:3000
2023,10,01,	:16:38:25	4132f991-fa2b-4065-ac88-6dd151bed9e9	CastError : Cast to ObjectId failed for value "undefined" (type string) at path "_id" for model "User"	GET	/api/get-designer-list/undefined	http://localhost:3000
2023,10,01,	:16:38:25	2253ce92-e214-4275-9ade-cb50bb9c6ffb	CastError : Cast to ObjectId failed for value "undefined" (type string) at path "_id" for model "User"	GET	/api/get-designer-list/undefined	http://localhost:3000
2023,10,01,	:16:38:25	f5b6ca98-da74-4787-9d3d-b732c008f133	CastError : Cast to ObjectId failed for value "undefined" (type string) at path "_id" for model "User"	GET	/api/get-designer-list/undefined	http://localhost:3000
2023,10,01,	:16:38:42	e589072b-4150-48ea-8e4c-103f7cdc05c2	CastError : Cast to ObjectId failed for value "undefined" (type string) at path "_id" for model "User"	GET	/api/get-designer-list/undefined	http://localhost:3000
2023,10,01,	:16:38:43	fed6abc8-1f49-4054-9f88-a8b9a220e08d	CastError : Cast to ObjectId failed for value "undefined" (type string) at path "_id" for model "User"	GET	/api/get-designer-list/undefined	http://localhost:3000
2023,10,01,	:16:38:43	2669c6bf-76fa-4a22-9915-35da677a44d8	CastError : Cast to ObjectId failed for value "undefined" (type string) at path "_id" for model "User"	GET	/api/get-designer-list/undefined	http://localhost:3000
2023,10,01,	:16:38:44	3cf11e19-76dd-4656-b9c2-15ce8f82575c	CastError : Cast to ObjectId failed for value "undefined" (type string) at path "_id" for model "User"	GET	/api/get-designer-list/undefined	http://localhost:3000
2023,10,01,	:16:39:12	37fcfd62-ad81-4313-ae44-4d174b9078e8	CastError : Cast to ObjectId failed for value "undefined" (type string) at path "_id" for model "User"	GET	/api/get-designer-list/undefined	http://localhost:3000
2023,10,01,	:16:39:12	4056f122-a7a6-4d8a-96a2-798ad1feac4b	CastError : Cast to ObjectId failed for value "undefined" (type string) at path "_id" for model "User"	GET	/api/get-designer-list/undefined	http://localhost:3000
2023,10,01,	:16:39:18	6794b644-e72b-45d3-8e76-1b7274bab70e	CastError : Cast to ObjectId failed for value "[object Object]" (type string) at path "_id" for model "User"	GET	/api/get-designer-list/[object%20Object]	http://localhost:3000
2023,10,01,	:16:39:18	e9ad529f-243b-4fb5-b184-ad8498b72055	CastError : Cast to ObjectId failed for value "[object Object]" (type string) at path "_id" for model "User"	GET	/api/get-designer-list/[object%20Object]	http://localhost:3000
2023,10,01,	:18:16:27	b923a846-709f-4512-8246-802ed61224b0	SyntaxError : Unexpected token } in JSON at position 50	PATCH	/graphic-project/650a27375495f489b60a1a3d	undefined
2023,10,01,	:18:46:14	16f26d61-95d7-4a93-8c12-3c2b1061d156	ReferenceError : consle is not defined	GET	/graphic-project/650a27375495f489b60a1a3d	http://localhost:3000
2023,10,01,	:18:46:14	4daf06e4-4f0c-4104-ba74-e605c72b6068	ReferenceError : consle is not defined	GET	/graphic-project/650a27375495f489b60a1a3d	http://localhost:3000
2023,10,01,	:19:17:15	1b15687d-c579-4e22-ad01-5aca8abda310	ReferenceError : designer_project_list is not defined	GET	/graphic-project/650a27375495f489b60a1a3d	http://localhost:3000
2023,10,01,	:19:17:15	1163091c-2112-4985-8a68-44d402da835c	ReferenceError : designer_project_list is not defined	GET	/graphic-project/650a27375495f489b60a1a3d	http://localhost:3000
2023,10,01,	:19:33:53	5325e9fa-b178-4f28-9407-88627da840b9	TypeError : Cannot read properties of undefined (reading '0')	GET	/graphic-project/650a27375495f489b60a1a3d	http://localhost:3000
2023,10,01,	:19:33:53	076d7a4a-f698-4de2-96f3-c59ca83afba7	TypeError : Cannot read properties of undefined (reading '0')	GET	/graphic-project/650a27375495f489b60a1a3d	http://localhost:3000
2023,10,01,	:19:34:50	19e6ca4b-000d-4470-a3aa-581dc89a0474	TypeError : Cannot read properties of undefined (reading '0')	GET	/graphic-project/650a27375495f489b60a1a3d	http://localhost:3000
2023,10,01,	:19:34:50	23f89f29-c2e2-4116-9be2-9d0cfcc1a43a	TypeError : Cannot read properties of undefined (reading '0')	GET	/graphic-project/650a27375495f489b60a1a3d	http://localhost:3000
2023,10,01,	:19:35:37	75d87ee3-30ad-4ac2-97ad-a730306dc038	TypeError : Cannot read properties of undefined (reading '0')	GET	/graphic-project/650a27375495f489b60a1a3d	http://localhost:3000
2023,10,01,	:19:35:37	85ffc407-d2a0-462b-b125-4a2a98dd02aa	TypeError : Cannot read properties of undefined (reading '0')	GET	/graphic-project/650a27375495f489b60a1a3d	http://localhost:3000
2023,10,01,	:19:37:12	8850a0fb-91cb-4477-aa72-8773b8539534	TypeError : Cannot read properties of undefined (reading 'map')	GET	/graphic-project/650a27375495f489b60a1a3d	http://localhost:3000
2023,10,01,	:19:37:12	22630c8b-b478-4a43-99bd-be50e58b2107	TypeError : Cannot read properties of undefined (reading 'map')	GET	/graphic-project/650a27375495f489b60a1a3d	http://localhost:3000
2023,10,01,	:19:38:56	f0685db0-8c0a-4e52-8413-6099245babff	TypeError : Cannot read properties of undefined (reading 'map')	GET	/graphic-project/650a27375495f489b60a1a3d	http://localhost:3000
2023,10,01,	:19:38:57	e7d4e5cb-a509-4b34-b356-1ea42f0f94f4	TypeError : Cannot read properties of undefined (reading 'map')	GET	/graphic-project/650a27375495f489b60a1a3d	http://localhost:3000
2023,10,01,	:19:47:09	9f17d271-b3b6-4257-9970-56ba9fc9d675	ValidationError : graphicDesign validation failed: is_active: Path `is_active` is required.	PATCH	/graphic-project	http://localhost:3000
2023,10,01,	:20:52:27	0cfa1b23-1be7-43ef-90f4-45acc3cc0993	ValidationError : graphicDesign validation failed: team_members.0: Cast to [string] failed for value "[\n' +
  '  [\n' +
  '    {\n' +
  "      _id: '650a27375495f489b60a1a3d',\n" +
  "      name: 'Saad',\n" +
  "      email: 'designer@gmail.com',\n" +
  '      roles: [Array],\n' +
  '      is_active: true,\n' +
  "      created_at: 'Wed Sep 20 2023 3:56:55 AM',\n" +
  '      __v: 0\n' +
  '    }\n' +
  '  ]\n' +
  ']" (type string) at path "team_members.0" because of "CastError"	PATCH	/graphic-project	http://localhost:3000
2023,10,01,	:21:19:17	4367ad0a-d155-4ede-bf41-347104271c9b	TypeError : Cannot read properties of undefined (reading 'designer_project_list')	GET	/graphic-project/650a27375495f489b60a1a3d	http://localhost:3000
2023,10,01,	:21:19:23	dc849466-4ec9-4a45-bc07-cf7444f62074	TypeError : Cannot read properties of undefined (reading 'designer_project_list')	GET	/graphic-project/650a27375495f489b60a1a3d	http://localhost:3000
2023,10,01,	:21:19:23	63d9ddc2-3c18-43a2-8ae2-4c652ad805d4	TypeError : Cannot read properties of undefined (reading 'designer_project_list')	GET	/graphic-project/650a27375495f489b60a1a3d	http://localhost:3000
2023,10,01,	:21:22:49	3c555a5b-72ff-4e70-bafe-89a991a5c00d	TypeError : Cannot read properties of undefined (reading '0')	GET	/graphic-project/650a27375495f489b60a1a3d	http://localhost:3000
2023,10,01,	:21:22:51	cd06e622-fb2a-4100-86b5-d1ff8243472c	TypeError : Cannot read properties of undefined (reading '0')	GET	/graphic-project/650a27375495f489b60a1a3d	http://localhost:3000
2023,10,01,	:21:29:30	635dcf8c-8b9e-4002-a16d-59f5197541b1	ReferenceError : item is not defined	GET	/graphic-project/650a27375495f489b60a1a3d	http://localhost:3000
2023,10,01,	:21:29:30	8c145042-5e2d-405d-a39e-97fccf1c6caf	ReferenceError : item is not defined	GET	/graphic-project/650a27375495f489b60a1a3d	http://localhost:3000
2023,10,01,	:21:30:08	4b18db38-fdb5-4275-8087-2e52d1eeaa5d	TypeError : Cannot read properties of undefined (reading 'map')	GET	/graphic-project/650a27375495f489b60a1a3d	http://localhost:3000
2023,10,01,	:21:30:08	7f2182a1-c093-4f51-bfec-85b30094d2b5	TypeError : Cannot read properties of undefined (reading 'map')	GET	/graphic-project/650a27375495f489b60a1a3d	http://localhost:3000
2023,10,01,	:21:46:26	0b2dcccd-6ecd-46c8-92e6-fec555b5e74c	TypeError : Cannot read properties of undefined (reading 'some')	GET	/graphic-project/650a27375495f489b60a1a3d	http://localhost:3000
2023,10,01,	:21:46:26	187ea9a1-2ee4-4bf5-87f4-86febb6ab9de	TypeError : Cannot read properties of undefined (reading 'some')	GET	/graphic-project/650a27375495f489b60a1a3d	http://localhost:3000
2023,10,01,	:21:53:35	b203f46f-2e28-484d-8f26-f536250f6afc	TypeError : Cannot read properties of undefined (reading 'some')	GET	/graphic-project/650a27375495f489b60a1a3d	http://localhost:3000
2023,10,01,	:21:53:35	3cd88cf9-52b9-43f1-ad1b-aeacba37f86c	TypeError : Cannot read properties of undefined (reading 'some')	GET	/graphic-project/650a27375495f489b60a1a3d	http://localhost:3000
2023,10,01,	:22:10:22	107b775e-6eb8-4786-95c6-e7097d3079e0	TypeError : Cannot read properties of undefined (reading 'some')	GET	/graphic-project/650a27375495f489b60a1a3d	http://localhost:3000
2023,10,01,	:22:10:22	3de0bdca-2abe-4813-af92-304fff64d10b	TypeError : Cannot read properties of undefined (reading 'some')	GET	/graphic-project/650a27375495f489b60a1a3d	http://localhost:3000
2023,10,01,	:22:12:35	d7a06587-382d-4834-89ca-ab4c8ca749e5	ReferenceError : idToFilter is not defined	GET	/graphic-project/650a27375495f489b60a1a3d	http://localhost:3000
2023,10,01,	:22:12:35	cf73b33f-1316-46c1-87ec-edd041009cec	ReferenceError : idToFilter is not defined	GET	/graphic-project/650a27375495f489b60a1a3d	http://localhost:3000
2023,10,01,	:22:22:10	32d174ec-e372-4e2a-88e2-086e2b92fa98	ReferenceError : data is not defined	GET	/graphic-project/650a27375495f489b60a1a3d	http://localhost:3000
2023,10,01,	:22:22:10	7abd5649-ce50-472b-8a11-9a629c8c9cfa	ReferenceError : data is not defined	GET	/graphic-project/650a27375495f489b60a1a3d	http://localhost:3000
2023,10,02,	:05:53:34	eadbb591-a9de-4805-99ae-af0dcce61eff	ValidationError : company_details validation failed: user: Path `user` is required.	POST	/settings/company-profile	http://localhost:3000
2023,10,02,	:05:55:27	6d679cdb-7b08-4f79-948c-5e4c00ec682a	ValidationError : company_details validation failed: user: Path `user` is required.	POST	/settings/company-profile	http://localhost:3000
2023,10,02,	:09:43:18	f1fff637-52c8-4dc1-bf17-b006a68002af	MongoServerSelectionError : getaddrinfo ENOTFOUND ac-nbfdaib-shard-00-01.qtlcdaf.mongodb.net	GET	/graphic-project/64fe366943475b69f1b73bf5	http://localhost:3000
2023,10,02,	:09:43:36	008c3c02-234e-4548-8143-d476e54d7e9e	MongoServerSelectionError : getaddrinfo ENOTFOUND ac-nbfdaib-shard-00-01.qtlcdaf.mongodb.net	GET	/graphic-project/64fe366943475b69f1b73bf5	http://localhost:3000
2023,10,02,	:14:15:59	fad7421f-e2d1-43fb-bf0a-98a695bfe362	Error : origin note allowed by Cors Error	POST	/authentication/mi-sign-in	http://localhost:4005
2023,10,02,	:14:17:10	fdda2f0f-7547-48b4-82eb-6f1f023a9982	Error : origin note allowed by Cors Error	POST	/authentication/mi-sign-in	http://localhost:4005
2023,10,02,	:15:17:41	a2056c50-7f6c-41ac-bc70-eb65391061b0	Error : origin note allowed by Cors Error	OPTIONS	/authentication/mi-sign-in	http://192.168.209.1:3000
2023,10,02,	:15:17:47	8dbdafe4-a796-45eb-b1b2-983e5a67ead0	Error : origin note allowed by Cors Error	OPTIONS	/authentication/mi-sign-in	http://192.168.209.1:3000
2023,10,02,	:15:18:06	ede90461-83e4-42d6-9289-6f789ebb2a40	Error : origin note allowed by Cors Error	OPTIONS	/authentication/mi-sign-in	http://192.168.209.1:3000
2023,10,02,	:15:18:39	6d722472-d5e6-4d72-a245-3df8c970273f	Error : origin note allowed by Cors Error	OPTIONS	/authentication/mi-sign-in	http://192.168.209.1:3000
2023,10,02,	:15:18:47	70f916b0-d531-4b22-84eb-1901ba1e9802	Error : origin note allowed by Cors Error	OPTIONS	/authentication/mi-sign-in	http://192.168.209.1:3000
2023,10,04,	:16:35:29	eac550ee-faf8-4dd5-a84e-cfac3ab5b109	MongoServerSelectionError : getaddrinfo ENOTFOUND ac-nbfdaib-shard-00-01.qtlcdaf.mongodb.net	POST	/authentication/mi-sign-in	http://localhost:4005
2023,10,04,	:16:36:50	efdb066a-45fd-46bb-8ac1-a231c0f94651	MongoServerSelectionError : getaddrinfo ENOTFOUND ac-nbfdaib-shard-00-01.qtlcdaf.mongodb.net	POST	/authentication/mi-sign-in	http://localhost:4005
2023,10,04,	:16:42:10	785a57b7-cb5e-4065-922d-4b3d36688013	MongoServerSelectionError : getaddrinfo ENOTFOUND ac-nbfdaib-shard-00-01.qtlcdaf.mongodb.net	GET	/graphic-project/651beae7c8ddea286d0ae40c	http://localhost:3000
2023,10,04,	:16:42:10	651256c1-08a6-4ba6-b937-065217723d57	MongoServerSelectionError : getaddrinfo ENOTFOUND ac-nbfdaib-shard-00-01.qtlcdaf.mongodb.net	GET	/api/brand/651beae7c8ddea286d0ae40c	http://localhost:3000
2023,10,04,	:16:42:32	f51f4f5b-f7fd-40c7-a418-a6f355bcdbe1	MongoServerSelectionError : getaddrinfo ENOTFOUND ac-nbfdaib-shard-00-01.qtlcdaf.mongodb.net	POST	/authentication/mi-sign-in	http://localhost:3000
2023,10,04,	:16:45:20	85c384fd-1384-4482-9ba0-742b24ea9c70	MongoServerSelectionError : getaddrinfo ENOTFOUND ac-nbfdaib-shard-00-01.qtlcdaf.mongodb.net	POST	/authentication/mi-sign-in	http://localhost:4005
2023,10,04,	:16:48:46	fb97f12f-d399-4b11-a19a-00b4db294b48	MongoServerSelectionError : getaddrinfo ENOTFOUND ac-nbfdaib-shard-00-02.qtlcdaf.mongodb.net	POST	/authentication/mi-sign-in	http://localhost:4005
2023,10,04,	:16:52:47	0f832755-2207-4783-84fc-0b7ead70440f	MongoServerSelectionError : getaddrinfo ENOTFOUND ac-nbfdaib-shard-00-01.qtlcdaf.mongodb.net	POST	/authentication/mi-sign-in	http://localhost:4005
2023,10,04,	:16:55:30	b72c2d78-6cbb-4ab9-ad1a-6ee26e381979	MongoServerSelectionError : getaddrinfo ENOTFOUND ac-nbfdaib-shard-00-01.qtlcdaf.mongodb.net	POST	/authentication/mi-sign-in	http://localhost:4005
2023,10,04,	:17:03:04	1501964e-b705-4535-baf4-4ef0b6594025	MongoServerSelectionError : getaddrinfo ENOTFOUND ac-nbfdaib-shard-00-01.qtlcdaf.mongodb.net	POST	/authentication/mi-sign-in	http://localhost:3000
2023,10,04,	:17:03:04	cdf51722-c2b4-4a42-9dfe-7ef46e8b78b1	CastError : Cast to ObjectId failed for value "undefined" (type string) at path "_id" for model "User"	GET	/graphic-project/undefined	http://localhost:3000
2023,10,04,	:17:16:18	b672fe20-7bc5-471c-82d5-4048bb6c276a	CastError : Cast to ObjectId failed for value "undefined" (type string) at path "_id" for model "User"	GET	/graphic-project/undefined	http://localhost:3000
2023,10,04,	:17:16:18	b9ef76b1-0805-4f0f-ae0b-7de3de5b79bc	CastError : Cast to ObjectId failed for value "undefined" (type string) at path "user" for model "brand_model"	GET	/api/brand/undefined	http://localhost:3000
2023,10,05,	:11:08:19	687389b9-7d91-4439-90df-099e6a009741	ValidationError : token validation failed: token: Cast to Boolean failed for value "4c34f58b2fc3f7be5af7dbf1497edd19820fe5450f9ef91755e72746412ab202" (type string) at path "token" because of "CastError"	POST	/authentication/mi-sign-up	http://localhost:3000
2023,10,05,	:11:10:36	43c1fbfb-52b4-4ae0-b51c-1082aece85e3	ValidationError : token validation failed: token: Cast to Boolean failed for value "263b3155550f220e73481ee6ebe5b50fcd1cf393bf11731b4a5301f3755646f9" (type string) at path "token" because of "CastError"	POST	/authentication/mi-sign-up	http://localhost:3000
2023,10,05,	:11:11:27	6d0163a8-d284-4899-a5a5-e908bf4e3f97	ValidationError : token validation failed: token: Cast to Boolean failed for value "42ceb048b9da1393551a3f1894424ba6bd595dd135fc551a0774ec8df1fab43d" (type string) at path "token" because of "CastError"	POST	/authentication/mi-sign-in	http://localhost:3000
2023,10,05,	:11:11:27	0fbf279c-581f-471c-a2e6-c35f04c28c0c	CastError : Cast to ObjectId failed for value "undefined" (type string) at path "_id" for model "User"	GET	/graphic-project/undefined	http://localhost:3000
2023,10,05,	:11:32:15	cea0585e-57d9-4341-9de7-911cf0d27e22	ValidationError : token validation failed: token: Cast to Boolean failed for value "3855d3bf5edbcf28099c45ea807650caa93134cb7e1fc31159b26ebf397cc93f" (type string) at path "token" because of "CastError"	POST	/authentication/mi-sign-up	http://localhost:3000
2023,10,05,	:11:34:32	ba27232a-ef14-4491-9652-2f8971e3902d	ValidationError : token validation failed: token: Cast to Boolean failed for value "b1b8c5a17c2ed33bedd9efd6b1a8dc0bd6f92ade29eea5bf9385c54cab34a47f" (type string) at path "token" because of "CastError"	POST	/authentication/mi-sign-up	http://localhost:3000
2023,10,05,	:11:40:58	b16a2381-4417-4fe3-a533-4cc5da918176	ValidationError : token validation failed: token: Cast to Boolean failed for value "de5e4e7a02370fb9deae7885122111ffad0cc83e9292fdd545ccfdb6dec5305d" (type string) at path "token" because of "CastError"	POST	/authentication/mi-sign-up	http://localhost:3000
2023,10,05,	:15:27:48	b3ee3ac1-a902-485e-a8a4-89357cac6074	ValidationError : token validation failed: userId: Path `userId` is required.	POST	/authentication/mi-sign-up	http://localhost:3000
2023,10,05,	:16:32:29	31eb2e4c-7c92-40a2-b517-14c80ce7ad3d	CastError : Cast to ObjectId failed for value "undefined" (type string) at path "_id" for model "User"	GET	/graphic-project/undefined	http://localhost:3000
2023,10,05,	:16:32:52	8145622d-9085-412f-8f23-9c43f04ebbf6	CastError : Cast to ObjectId failed for value "undefined" (type string) at path "_id" for model "User"	GET	/graphic-project/undefined	http://localhost:3000
2023,10,05,	:16:35:01	103ff79c-2d89-4e2c-bc67-172f10015d93	CastError : Cast to ObjectId failed for value "undefined" (type string) at path "_id" for model "User"	GET	/graphic-project/undefined	http://localhost:3000
2023,10,05,	:22:03:11	2cd979f7-4ea4-443a-967e-90679aee7c5e	ValidationError : graphicDesign validation failed: project_category: Path `project_category` is required., design_type: Path `design_type` is required., brand: Path `brand` is required., project_title: Path `project_title` is required., project_description: Path `project_description` is required., describe_audience: Path `describe_audience` is required., resources: Path `resources` is required.	POST	/graphic-project	http://localhost:3000
2023,10,07,	:16:16:45	1415aa4a-e295-43f5-83dd-919cdcd26557	MulterError : Unexpected field	POST	/file/google-cloud	http://localhost:3000
2023,10,07,	:16:17:26	c62de4ae-cd22-4456-b43c-509655b47d46	MulterError : Unexpected field	POST	/file/google-cloud	http://localhost:3000
2023,10,07,	:18:36:14	28702249-1194-4d4d-a797-eecdc2b56fba	MulterError : Unexpected field	POST	/file/google-cloud	http://localhost:3000
2023,10,07,	:19:02:33	6b854c57-54a2-4dab-bcaa-e9b616100b38	MongoServerSelectionError : getaddrinfo ENOTFOUND ac-nbfdaib-shard-00-02.qtlcdaf.mongodb.net	GET	/graphic-project/65202ed775923928527367b2	http://localhost:3000
2023,10,07,	:19:02:33	ca5bfd5e-5796-4f86-9885-9683e9016a4f	MongoServerSelectionError : getaddrinfo ENOTFOUND ac-nbfdaib-shard-00-02.qtlcdaf.mongodb.net	GET	/api/brand/65202ed775923928527367b2	http://localhost:3000
2023,10,10,	:03:10:47	6d044164-23de-46b0-8494-924e20e7d843	ValidationError : graphicDesign validation failed: project_category: Path `project_category` is required., design_type: Path `design_type` is required., brand: Path `brand` is required., project_title: Path `project_title` is required.	POST	/graphic-project	http://localhost:3000
2023,10,10,	:09:31:28	870d79fe-88ab-4568-9903-db8b763ed310	ValidationError : graphicDesign validation failed: brand: Path `brand` is required.	POST	/graphic-project	http://localhost:3000
2023,10,11,	:09:03:28	4807a1d0-6149-4bee-ad4a-81ad2e4ca53c	MongoServerSelectionError : getaddrinfo ENOTFOUND ac-nbfdaib-shard-00-02.qtlcdaf.mongodb.net	GET	/chat-message/65261e5cc3619a1e51b012a0	http://localhost:3000
2023,10,11,	:09:03:28	cd416438-0d30-47c8-8692-c740066e33d9	MongoServerSelectionError : getaddrinfo ENOTFOUND ac-nbfdaib-shard-00-02.qtlcdaf.mongodb.net	GET	/chat-message/65261e5cc3619a1e51b012a0	http://localhost:3000
2023,10,11,	:09:03:47	f7205572-aace-4f14-92b1-8b01d62dec06	MongoServerSelectionError : getaddrinfo ENOTFOUND ac-nbfdaib-shard-00-02.qtlcdaf.mongodb.net	GET	/graphic-project/65202ed775923928527367b2	http://localhost:3000
2023,10,11,	:09:03:49	dbc83077-a172-438a-8f7f-367e94ff0aad	MongoServerSelectionError : getaddrinfo ENOTFOUND ac-nbfdaib-shard-00-02.qtlcdaf.mongodb.net	GET	/api/brand/65202ed775923928527367b2	http://localhost:3000
2023,10,11,	:09:03:49	126168ef-389b-42ab-8af1-260e20c7d0a8	MongoServerSelectionError : getaddrinfo ENOTFOUND ac-nbfdaib-shard-00-02.qtlcdaf.mongodb.net	GET	/api/brand/65202ed775923928527367b2	http://localhost:3000
2023,10,11,	:09:03:52	d7b3dd64-259e-4520-88b5-848e01000ecd	MongoServerSelectionError : getaddrinfo ENOTFOUND ac-nbfdaib-shard-00-02.qtlcdaf.mongodb.net	GET	/graphic-project/65202ed775923928527367b2	http://localhost:3000
2023,10,11,	:20:25:59	7865f321-4d98-4970-83ff-2fad02905bc6	MongoServerSelectionError : getaddrinfo ENOTFOUND ac-nbfdaib-shard-00-02.qtlcdaf.mongodb.net	GET	/graphic-project/650881256b52f36cf6315cf0	http://localhost:3000
2023,10,11,	:20:25:59	0e7d7b6c-e526-433e-a72b-e4930eec1257	MongoServerSelectionError : getaddrinfo ENOTFOUND ac-nbfdaib-shard-00-02.qtlcdaf.mongodb.net	GET	/api/brand/650881256b52f36cf6315cf0	http://localhost:3000
2023,10,11,	:20:25:59	8360dc66-c6f1-41c1-a9a6-542e85c0ad93	MongoServerSelectionError : getaddrinfo ENOTFOUND ac-nbfdaib-shard-00-02.qtlcdaf.mongodb.net	GET	/graphic-project/650881256b52f36cf6315cf0	http://localhost:3000
2023,10,11,	:20:25:59	63cccd95-a44a-4a3e-adb7-40cf217e1ef0	MongoServerSelectionError : getaddrinfo ENOTFOUND ac-nbfdaib-shard-00-02.qtlcdaf.mongodb.net	GET	/api/get-designer-list/650881256b52f36cf6315cf0	http://localhost:3000
2023,10,11,	:20:25:59	d6844c1c-a63f-49ae-8e67-a278c9cbc3ae	MongoServerSelectionError : getaddrinfo ENOTFOUND ac-nbfdaib-shard-00-02.qtlcdaf.mongodb.net	GET	/chat-message/65261e5cc3619a1e51b012a0	http://localhost:3000
2023,10,11,	:20:25:59	942742fa-a3e8-48bb-8176-d53ccdaff0d4	MongoServerSelectionError : getaddrinfo ENOTFOUND ac-nbfdaib-shard-00-02.qtlcdaf.mongodb.net	GET	/api/brand/650881256b52f36cf6315cf0	http://localhost:3000
2023,10,11,	:20:26:29	291e0614-ece8-4081-a746-bf2bbf9c76ff	MongoServerSelectionError : getaddrinfo ENOTFOUND ac-nbfdaib-shard-00-02.qtlcdaf.mongodb.net	GET	/api/get-designer-list/650881256b52f36cf6315cf0	http://localhost:3000
2023,10,11,	:20:26:30	681b0264-d3b0-4b8a-a899-a3c4d71f51b7	MongoServerSelectionError : getaddrinfo ENOTFOUND ac-nbfdaib-shard-00-02.qtlcdaf.mongodb.net	GET	/chat-message/65261e5cc3619a1e51b012a0	http://localhost:3000
2023,10,11,	:22:52:07	f894b3ef-e6ce-4f0c-a2b3-3a1b176c075d	MongoServerSelectionError : getaddrinfo ENOTFOUND ac-nbfdaib-shard-00-02.qtlcdaf.mongodb.net	GET	/graphic-project/650881256b52f36cf6315cf0	http://localhost:3000
2023,10,11,	:22:52:07	b0e58be4-b561-487d-9793-b1a73758e7dc	MongoServerSelectionError : getaddrinfo ENOTFOUND ac-nbfdaib-shard-00-02.qtlcdaf.mongodb.net	GET	/api/brand/650881256b52f36cf6315cf0	http://localhost:3000
2023,10,12,	:18:09:01	8770d5ac-a38c-4073-b36b-3334fe49e6bd	MongooseError : Operation `users.findOne()` buffering timed out after 10000ms	GET	/graphic-project/650881256b52f36cf6315cf0	http://localhost:3000
2023,10,12,	:18:09:01	d3dd315e-7646-459a-82a6-b36b56d63daa	MongooseError : Operation `brand_models.find()` buffering timed out after 10000ms	GET	/api/brand/650881256b52f36cf6315cf0	http://localhost:3000
2023,10,12,	:18:09:01	7708bd9e-2ecf-407d-a402-9454678e112d	MongooseError : Operation `users.find()` buffering timed out after 10000ms	GET	/api/get-designer-list/650881256b52f36cf6315cf0	http://localhost:3000
2023,10,12,	:18:09:01	3de246da-8103-4718-9ed3-c8e64b6a8e4a	MongooseError : Operation `project_chat_datas.findOne()` buffering timed out after 10000ms	GET	/chat-message/65261e5cc3619a1e51b012a0	http://localhost:3000
2023,10,12,	:18:09:01	ea0edf45-e81f-4d0e-b6f3-24fb262139ea	MongooseError : Operation `users.findOne()` buffering timed out after 10000ms	GET	/graphic-project/650881256b52f36cf6315cf0	http://localhost:3000
2023,10,12,	:18:09:01	495d5d87-8808-4165-a897-3a5b082db2d9	MongooseError : Operation `brand_models.find()` buffering timed out after 10000ms	GET	/api/brand/650881256b52f36cf6315cf0	http://localhost:3000
2023,10,12,	:18:09:11	a82a4794-173a-4056-8bb8-654ecf012973	MongooseError : Operation `project_chat_datas.findOne()` buffering timed out after 10000ms	GET	/chat-message/65261e5cc3619a1e51b012a0	http://localhost:3000
2023,10,12,	:18:09:11	9c35ba59-79ef-4642-92f0-9c4e05ab5a12	MongooseError : Operation `users.find()` buffering timed out after 10000ms	GET	/api/get-designer-list/650881256b52f36cf6315cf0	http://localhost:3000
2023,10,12,	:18:58:25	9b542b5c-deed-4dfb-80db-22d041a6f128	MulterError : Field value too long	POST	/api/designer-uploads/65261e5cc3619a1e51b012a0	http://localhost:3000
2023,10,12,	:19:01:01	2bd0769e-4b0c-42aa-8c39-d4a58360ef8b	MulterError : Field value too long	POST	/api/designer-uploads/65261e5cc3619a1e51b012a0	http://localhost:3000
2023,10,13,	:23:41:24	67608ab9-f04d-41f4-ae2a-39460f26b0a8	MongoServerSelectionError : getaddrinfo ENOTFOUND ac-nbfdaib-shard-00-00.qtlcdaf.mongodb.net	GET	/graphic-project/650881256b52f36cf6315cf0	http://localhost:3000
2023,10,13,	:23:41:24	b50e34f7-df65-47a1-abd2-f278902c54bd	MongoServerSelectionError : getaddrinfo ENOTFOUND ac-nbfdaib-shard-00-00.qtlcdaf.mongodb.net	GET	/api/brand/650881256b52f36cf6315cf0	http://localhost:3000
2023,10,13,	:23:41:44	78e65e52-5f1f-4d3e-afd5-f753e8c7e8aa	MongoServerSelectionError : getaddrinfo ENOTFOUND ac-nbfdaib-shard-00-00.qtlcdaf.mongodb.net	GET	/api/brand/650881256b52f36cf6315cf0	http://localhost:3000
2023,10,13,	:23:41:44	399e7d91-40f3-49d6-a0d1-d5f85e73435a	MongoServerSelectionError : getaddrinfo ENOTFOUND ac-nbfdaib-shard-00-00.qtlcdaf.mongodb.net	GET	/graphic-project/650881256b52f36cf6315cf0	http://localhost:3000
2023,10,13,	:23:41:44	fd62278b-adfb-4cce-9a4b-88640fb04b0e	MongoServerSelectionError : getaddrinfo ENOTFOUND ac-nbfdaib-shard-00-00.qtlcdaf.mongodb.net	GET	/api/brand/650881256b52f36cf6315cf0	http://localhost:3000
2023,10,13,	:23:41:44	b0816453-b912-4228-9dc4-ecd6cc77a67d	MongoServerSelectionError : getaddrinfo ENOTFOUND ac-nbfdaib-shard-00-00.qtlcdaf.mongodb.net	GET	/api/brand/650881256b52f36cf6315cf0	http://localhost:3000
2023,10,13,	:23:41:54	cf696d02-408d-4a3e-a130-85c025f0433d	MongoServerSelectionError : getaddrinfo ENOTFOUND ac-nbfdaib-shard-00-00.qtlcdaf.mongodb.net	GET	/graphic-project/650881256b52f36cf6315cf0	http://localhost:3000
2023,10,13,	:23:41:54	931bfc9d-5d1d-46f3-a278-67cee2b95eb2	MongoServerSelectionError : getaddrinfo ENOTFOUND ac-nbfdaib-shard-00-00.qtlcdaf.mongodb.net	GET	/api/brand/650881256b52f36cf6315cf0	http://localhost:3000
2023,10,13,	:23:42:01	935de8ff-a1ec-4784-b914-fada75cc8268	MongoServerSelectionError : getaddrinfo ENOTFOUND ac-nbfdaib-shard-00-00.qtlcdaf.mongodb.net	GET	/graphic-project/650881256b52f36cf6315cf0	http://localhost:3000
2023,10,13,	:23:42:01	6704f8f6-6e7c-45a3-8edb-3adc3c6fa77c	MongoServerSelectionError : getaddrinfo ENOTFOUND ac-nbfdaib-shard-00-00.qtlcdaf.mongodb.net	GET	/api/brand/650881256b52f36cf6315cf0	http://localhost:3000
2023,10,13,	:23:42:21	58ea6cc5-7025-4ac3-9bac-0cc59a53cbb4	MongoServerSelectionError : getaddrinfo ENOTFOUND ac-nbfdaib-shard-00-00.qtlcdaf.mongodb.net	GET	/api/brand/650881256b52f36cf6315cf0	http://localhost:3000
2023,10,13,	:23:42:21	d27f66ff-f6e4-4d5d-a87e-460fd1ae6df5	MongoServerSelectionError : getaddrinfo ENOTFOUND ac-nbfdaib-shard-00-00.qtlcdaf.mongodb.net	GET	/graphic-project/650881256b52f36cf6315cf0	http://localhost:3000
2023,10,13,	:23:42:21	20dc58c9-e2e8-4a30-bd11-5e067ef9c740	MongoServerSelectionError : getaddrinfo ENOTFOUND ac-nbfdaib-shard-00-00.qtlcdaf.mongodb.net	GET	/api/brand/650881256b52f36cf6315cf0	http://localhost:3000
2023,10,13,	:23:42:21	e590aeaf-9b49-4c10-8a91-55466c9d7830	MongoServerSelectionError : getaddrinfo ENOTFOUND ac-nbfdaib-shard-00-00.qtlcdaf.mongodb.net	GET	/api/brand/650881256b52f36cf6315cf0	http://localhost:3000
2023,10,14,	:00:01:25	9c6b0072-78a2-4263-b87f-1aa9ff3a438a	MongoServerSelectionError : getaddrinfo ENOTFOUND ac-nbfdaib-shard-00-01.qtlcdaf.mongodb.net	GET	/api/brand/650881256b52f36cf6315cf0	http://localhost:3000
2023,10,14,	:00:51:46	59736217-c8ab-44c6-af59-e35efe90ac0c	ReferenceError : uniqID is not defined	GET	/api/brand/650881256b52f36cf6315cf0	http://localhost:3000
2023,10,14,	:03:42:51	e9989e17-a3bc-451c-b15c-beb8e7d923bc	ReferenceError : arr is not defined	GET	/api/brand/65202ed775923928527367b2	http://localhost:3000
2023,10,14,	:03:42:51	a05a4f80-18fb-4f53-9d0e-0a1c6c3385b6	ReferenceError : arr is not defined	GET	/api/brand/65202ed775923928527367b2	http://localhost:3000
2023,10,14,	:03:42:51	5b135de5-a657-45f6-b0bf-ef5b45706adb	ReferenceError : arr is not defined	GET	/api/brand/65202ed775923928527367b2	http://localhost:3000
2023,10,14,	:03:42:53	68e04ec4-541c-4212-971e-22e427d8cdb9	ReferenceError : arr is not defined	GET	/api/brand/65202ed775923928527367b2	http://localhost:3000
2023,10,14,	:04:09:38	a427bc52-fed6-49da-b13b-169979128161	MongoServerSelectionError : getaddrinfo ENOTFOUND ac-nbfdaib-shard-00-01.qtlcdaf.mongodb.net	GET	/graphic-project/65202ed775923928527367b2	http://localhost:3000
2023,10,14,	:04:09:38	061f39e9-8ab5-4265-8db4-05807657a5ed	MongoServerSelectionError : getaddrinfo ENOTFOUND ac-nbfdaib-shard-00-01.qtlcdaf.mongodb.net	GET	/api/brand/65202ed775923928527367b2	http://localhost:3000
2023,10,14,	:04:09:38	500d652d-5bfe-48bc-bc67-d59cc5f77200	MongoServerSelectionError : getaddrinfo ENOTFOUND ac-nbfdaib-shard-00-01.qtlcdaf.mongodb.net	GET	/api/brand/65202ed775923928527367b2	http://localhost:3000
2023,10,14,	:04:10:57	ea351264-07f7-497b-9811-7d91a65ecb61	MongoServerSelectionError : getaddrinfo ENOTFOUND ac-nbfdaib-shard-00-01.qtlcdaf.mongodb.net	GET	/graphic-project/65202ed775923928527367b2	http://localhost:3000
2023,10,14,	:04:10:57	085eb0b7-0b2c-46b9-b045-3b2f4f338667	MongoServerSelectionError : getaddrinfo ENOTFOUND ac-nbfdaib-shard-00-01.qtlcdaf.mongodb.net	GET	/api/brand/65202ed775923928527367b2	http://localhost:3000
2023,10,14,	:04:10:57	b7efaa3b-0334-4918-b631-77cb0a7bfaa1	MongoServerSelectionError : getaddrinfo ENOTFOUND ac-nbfdaib-shard-00-01.qtlcdaf.mongodb.net	GET	/api/brand/65202ed775923928527367b2	http://localhost:3000
2023,10,14,	:04:10:57	a1c0e427-90af-4a7c-8dab-aa57c2771180	MongoServerSelectionError : getaddrinfo ENOTFOUND ac-nbfdaib-shard-00-01.qtlcdaf.mongodb.net	GET	/graphic-project/65202ed775923928527367b2	http://localhost:3000
2023,10,14,	:04:10:57	7ed83b26-07e9-4325-a870-96774e872e7d	MongoServerSelectionError : getaddrinfo ENOTFOUND ac-nbfdaib-shard-00-01.qtlcdaf.mongodb.net	GET	/api/brand/65202ed775923928527367b2	http://localhost:3000
2023,10,14,	:04:10:57	b2e9ecf0-3836-4e92-adce-df0d4cdd136a	MongoServerSelectionError : getaddrinfo ENOTFOUND ac-nbfdaib-shard-00-01.qtlcdaf.mongodb.net	GET	/api/brand/65202ed775923928527367b2	http://localhost:3000
2023,10,14,	:20:01:15	14f7e2b6-5d3e-4dc2-9bf7-d2d754a01e57	MongoServerSelectionError : getaddrinfo ENOTFOUND ac-nbfdaib-shard-00-01.qtlcdaf.mongodb.net	GET	/api/get-designer-list/650881256b52f36cf6315cf0	http://localhost:3000
2023,10,14,	:20:01:16	5a7c1e60-f46c-4a32-9ad8-7ce0238952fa	MongoServerSelectionError : getaddrinfo ENOTFOUND ac-nbfdaib-shard-00-01.qtlcdaf.mongodb.net	GET	/api/get-designer-list/650881256b52f36cf6315cf0	http://localhost:3000
2023,10,14,	:20:01:22	ea49b705-76de-4bfb-a419-e9d19690c326	MongoServerSelectionError : getaddrinfo ENOTFOUND ac-nbfdaib-shard-00-01.qtlcdaf.mongodb.net	GET	/api/get-designer-list/650881256b52f36cf6315cf0	http://localhost:3000
2023,10,14,	:20:01:23	b3ad2b8b-dc1d-42d5-8810-a8320fff4a0b	MongoServerSelectionError : getaddrinfo ENOTFOUND ac-nbfdaib-shard-00-01.qtlcdaf.mongodb.net	GET	/api/get-designer-list/650881256b52f36cf6315cf0	http://localhost:3000
2023,10,14,	:20:01:31	549af114-a31b-4f16-a667-3b1294fd8229	MongoServerSelectionError : getaddrinfo ENOTFOUND ac-nbfdaib-shard-00-01.qtlcdaf.mongodb.net	GET	/api/get-designer-list/650881256b52f36cf6315cf0	http://localhost:3000
2023,10,14,	:20:01:32	080945d7-501a-430a-90e1-749da4413d41	MongoServerSelectionError : getaddrinfo ENOTFOUND ac-nbfdaib-shard-00-01.qtlcdaf.mongodb.net	GET	/api/get-designer-list/650881256b52f36cf6315cf0	http://localhost:3000
2023,10,14,	:20:03:03	2b0b38d1-a4fa-4ab4-a58d-11d6cbf40ef6	MongoServerSelectionError : getaddrinfo ENOTFOUND ac-nbfdaib-shard-00-01.qtlcdaf.mongodb.net	GET	/api/get-designer-list/650881256b52f36cf6315cf0	http://localhost:3000
2023,10,14,	:20:03:03	5fb9c651-7232-48f0-b785-4af7e7d2476c	MongoServerSelectionError : getaddrinfo ENOTFOUND ac-nbfdaib-shard-00-01.qtlcdaf.mongodb.net	GET	/api/get-designer-list/650881256b52f36cf6315cf0	http://localhost:3000
2023,10,14,	:20:03:10	fe69af3e-d73b-45d7-bc2d-ca401feff722	MongoServerSelectionError : getaddrinfo ENOTFOUND ac-nbfdaib-shard-00-01.qtlcdaf.mongodb.net	GET	/graphic-project/650881256b52f36cf6315cf0	http://localhost:3000
2023,10,14,	:20:03:10	71849914-cdfc-4eb0-910e-d7fd9e386646	MongoServerSelectionError : getaddrinfo ENOTFOUND ac-nbfdaib-shard-00-01.qtlcdaf.mongodb.net	GET	/api/brand/650881256b52f36cf6315cf0	http://localhost:3000
2023,10,14,	:20:03:11	d97f19cd-0037-45e4-8430-e0b9e4de9687	MongoServerSelectionError : getaddrinfo ENOTFOUND ac-nbfdaib-shard-00-01.qtlcdaf.mongodb.net	GET	/chat-message/652a88807b79000edbc688af	http://localhost:3000
2023,10,14,	:20:03:11	dfa152b6-e5e3-4974-ab6e-c373201ec1b3	MongoServerSelectionError : getaddrinfo ENOTFOUND ac-nbfdaib-shard-00-01.qtlcdaf.mongodb.net	GET	/api/get-designer-list/650881256b52f36cf6315cf0	http://localhost:3000
2023,10,14,	:20:03:33	475a53f8-a6ef-4de2-8d9a-ca8f97f45006	MongoServerSelectionError : getaddrinfo ENOTFOUND ac-nbfdaib-shard-00-01.qtlcdaf.mongodb.net	GET	/graphic-project/650881256b52f36cf6315cf0	http://localhost:3000
2023,10,14,	:20:04:22	f3a93a6b-adf9-4645-b193-7e494e0e9e1d	MongoServerSelectionError : getaddrinfo ENOTFOUND ac-nbfdaib-shard-00-01.qtlcdaf.mongodb.net	GET	/api/get-designer-list/650881256b52f36cf6315cf0	http://localhost:3000
2023,10,14,	:20:04:26	444d2843-0127-4ef4-adcc-3071bf0e5c1b	MongoServerSelectionError : getaddrinfo ENOTFOUND ac-nbfdaib-shard-00-01.qtlcdaf.mongodb.net	GET	/api/get-designer-list/650881256b52f36cf6315cf0	http://localhost:3000
2023,10,14,	:20:04:31	5c6ddf44-88db-4d83-bd13-9494d68aac2c	MongoServerSelectionError : getaddrinfo ENOTFOUND ac-nbfdaib-shard-00-01.qtlcdaf.mongodb.net	GET	/graphic-project/650881256b52f36cf6315cf0	http://localhost:3000
2023,10,14,	:20:04:31	7378ffbc-7766-46c0-85ba-e406ec7537ce	MongoServerSelectionError : getaddrinfo ENOTFOUND ac-nbfdaib-shard-00-01.qtlcdaf.mongodb.net	GET	/api/brand/650881256b52f36cf6315cf0	http://localhost:3000
2023,10,14,	:20:04:31	cde22292-9e35-4b6d-a560-05afef8e3dab	MongoServerSelectionError : getaddrinfo ENOTFOUND ac-nbfdaib-shard-00-01.qtlcdaf.mongodb.net	GET	/api/get-designer-list/650881256b52f36cf6315cf0	http://localhost:3000
2023,10,14,	:20:04:31	7c032653-8da6-4e4a-9938-39a3242380cd	MongoServerSelectionError : getaddrinfo ENOTFOUND ac-nbfdaib-shard-00-01.qtlcdaf.mongodb.net	GET	/chat-message/652a88807b79000edbc688af	http://localhost:3000
2023,10,14,	:20:04:56	be3f7e14-0b04-452e-b4e1-c159cc578100	MongoServerSelectionError : getaddrinfo ENOTFOUND ac-nbfdaib-shard-00-01.qtlcdaf.mongodb.net	GET	/graphic-project/650881256b52f36cf6315cf0	http://localhost:3000
2023,10,14,	:20:05:01	0d6d18e7-6dc7-42ce-abc6-6a22e6d1f384	MongoServerSelectionError : getaddrinfo ENOTFOUND ac-nbfdaib-shard-00-01.qtlcdaf.mongodb.net	GET	/api/brand/650881256b52f36cf6315cf0	http://localhost:3000
2023,10,14,	:20:05:01	ccbd5f3c-7fb8-4339-b341-ae5c10b33c18	MongoServerSelectionError : getaddrinfo ENOTFOUND ac-nbfdaib-shard-00-01.qtlcdaf.mongodb.net	GET	/api/get-designer-list/650881256b52f36cf6315cf0	http://localhost:3000
2023,10,14,	:20:05:01	cb1e162b-44a6-49a1-aae9-42fe7da2cbff	MongoServerSelectionError : getaddrinfo ENOTFOUND ac-nbfdaib-shard-00-01.qtlcdaf.mongodb.net	GET	/chat-message/652a88807b79000edbc688af	http://localhost:3000
2023,10,14,	:20:05:08	ab581fb0-1faf-4d23-a9ac-4b51c4a16617	MongoServerSelectionError : getaddrinfo ENOTFOUND ac-nbfdaib-shard-00-01.qtlcdaf.mongodb.net	GET	/api/get-designer-list/650881256b52f36cf6315cf0	http://localhost:3000
2023,10,14,	:20:05:26	aefed5c4-d88d-41cd-b61f-898b30f58a78	MongoServerSelectionError : getaddrinfo ENOTFOUND ac-nbfdaib-shard-00-01.qtlcdaf.mongodb.net	GET	/api/get-designer-list/650881256b52f36cf6315cf0	http://localhost:3000
2023,10,14,	:20:09:39	51223ecb-1478-45ab-9997-cebf0bcad815	MongoServerSelectionError : getaddrinfo ENOTFOUND ac-nbfdaib-shard-00-01.qtlcdaf.mongodb.net	GET	/api/get-designer-list/650881256b52f36cf6315cf0	http://localhost:3000
2023,10,14,	:20:09:39	0ae71fc8-322f-4c8d-94e9-8f4995de1dee	MongoServerSelectionError : getaddrinfo ENOTFOUND ac-nbfdaib-shard-00-01.qtlcdaf.mongodb.net	GET	/api/get-designer-list/650881256b52f36cf6315cf0	http://localhost:3000
2023,10,14,	:20:10:47	73dc48a5-3c91-41a6-b00d-b006b9fbe2cd	MongoServerSelectionError : getaddrinfo ENOTFOUND ac-nbfdaib-shard-00-01.qtlcdaf.mongodb.net	GET	/api/get-designer-list/650881256b52f36cf6315cf0	http://localhost:3000
2023,10,14,	:20:10:48	50a691dd-a791-4561-b9fa-3e27bcb1b53e	MongoServerSelectionError : getaddrinfo ENOTFOUND ac-nbfdaib-shard-00-01.qtlcdaf.mongodb.net	GET	/api/get-designer-list/650881256b52f36cf6315cf0	http://localhost:3000
2023,10,14,	:20:10:53	fb2fd690-4ac0-4c35-b7a8-b65f9458a861	MongoServerSelectionError : getaddrinfo ENOTFOUND ac-nbfdaib-shard-00-01.qtlcdaf.mongodb.net	GET	/api/get-designer-list/650881256b52f36cf6315cf0	http://localhost:3000
2023,10,14,	:20:10:53	3ef06f60-1430-4d8d-829e-6950ec1994bb	MongoServerSelectionError : getaddrinfo ENOTFOUND ac-nbfdaib-shard-00-01.qtlcdaf.mongodb.net	GET	/api/get-designer-list/650881256b52f36cf6315cf0	http://localhost:3000
2023,10,14,	:20:11:02	7073bad8-004a-4471-b640-974a638f075c	MongoServerSelectionError : getaddrinfo ENOTFOUND ac-nbfdaib-shard-00-01.qtlcdaf.mongodb.net	GET	/api/get-designer-list/650881256b52f36cf6315cf0	http://localhost:3000
2023,10,14,	:20:11:07	f2657420-9699-4085-908b-28d2036e4147	MongoServerSelectionError : getaddrinfo ENOTFOUND ac-nbfdaib-shard-00-01.qtlcdaf.mongodb.net	GET	/graphic-project/650881256b52f36cf6315cf0	http://localhost:3000
2023,10,14,	:20:11:07	17fa2aa3-18dd-445b-b7b7-2236accaf192	MongoServerSelectionError : getaddrinfo ENOTFOUND ac-nbfdaib-shard-00-01.qtlcdaf.mongodb.net	GET	/api/brand/650881256b52f36cf6315cf0	http://localhost:3000
2023,10,14,	:20:11:18	236f1d14-7bbf-4999-ad7a-5ef0539cf3b1	MongoServerSelectionError : getaddrinfo ENOTFOUND ac-nbfdaib-shard-00-01.qtlcdaf.mongodb.net	GET	/api/get-designer-list/650881256b52f36cf6315cf0	http://localhost:3000
2023,10,14,	:20:11:23	23c57ba5-85e6-4f83-b38c-5c703b1c192a	MongoServerSelectionError : getaddrinfo ENOTFOUND ac-nbfdaib-shard-00-01.qtlcdaf.mongodb.net	GET	/chat-message/652a88807b79000edbc688af	http://localhost:3000
2023,10,14,	:20:11:32	b1f8f601-3af8-4028-875b-aa71ca1a0553	MongoServerSelectionError : getaddrinfo ENOTFOUND ac-nbfdaib-shard-00-01.qtlcdaf.mongodb.net	GET	/graphic-project/650881256b52f36cf6315cf0	http://localhost:3000
2023,10,14,	:20:11:37	6d594657-66c3-4047-bfe2-6ace2faeaaa4	MongoServerSelectionError : getaddrinfo ENOTFOUND ac-nbfdaib-shard-00-01.qtlcdaf.mongodb.net	GET	/api/brand/650881256b52f36cf6315cf0	http://localhost:3000
2023,10,14,	:20:11:37	ef7701a3-a43b-4a75-a213-14f3ed3aada9	MongoServerSelectionError : getaddrinfo ENOTFOUND ac-nbfdaib-shard-00-01.qtlcdaf.mongodb.net	GET	/api/get-designer-list/650881256b52f36cf6315cf0	http://localhost:3000
2023,10,14,	:20:11:48	700821e2-6e82-40e9-832d-975d1fac8546	MongoServerSelectionError : getaddrinfo ENOTFOUND ac-nbfdaib-shard-00-01.qtlcdaf.mongodb.net	GET	/chat-message/652a88807b79000edbc688af	http://localhost:3000
2023,10,14,	:20:11:53	8f101529-88ba-43c7-a5f2-e56a3276d481	MongoServerSelectionError : getaddrinfo ENOTFOUND ac-nbfdaib-shard-00-01.qtlcdaf.mongodb.net	GET	/api/get-designer-list/650881256b52f36cf6315cf0	http://localhost:3000
2023,10,14,	:20:12:02	b3fbecb9-93da-4f23-a27c-995a88f6c9de	MongoServerSelectionError : getaddrinfo ENOTFOUND ac-nbfdaib-shard-00-01.qtlcdaf.mongodb.net	GET	/api/get-designer-list/650881256b52f36cf6315cf0	http://localhost:3000
2023,10,14,	:20:12:07	e5a9ed7f-a2a5-4588-bf93-7194686cc305	MongoServerSelectionError : getaddrinfo ENOTFOUND ac-nbfdaib-shard-00-01.qtlcdaf.mongodb.net	GET	/api/get-designer-list/650881256b52f36cf6315cf0	http://localhost:3000
2023,10,14,	:20:12:07	1ae9de5e-9272-47e4-9c14-1f03f858f90b	MongoServerSelectionError : getaddrinfo ENOTFOUND ac-nbfdaib-shard-00-01.qtlcdaf.mongodb.net	GET	/api/get-designer-list/650881256b52f36cf6315cf0	http://localhost:3000
2023,10,14,	:20:12:07	8aaa7f0e-13e8-470f-8154-a4ecde470375	MongoServerSelectionError : getaddrinfo ENOTFOUND ac-nbfdaib-shard-00-01.qtlcdaf.mongodb.net	GET	/api/get-designer-list/650881256b52f36cf6315cf0	http://localhost:3000
2023,10,14,	:20:12:18	0181c15c-9288-42db-991a-a231445826eb	MongoServerSelectionError : getaddrinfo ENOTFOUND ac-nbfdaib-shard-00-01.qtlcdaf.mongodb.net	GET	/api/get-designer-list/650881256b52f36cf6315cf0	http://localhost:3000
2023,10,14,	:20:12:43	edde1473-30a8-4486-9854-7f3581814935	MongoServerSelectionError : getaddrinfo ENOTFOUND ac-nbfdaib-shard-00-01.qtlcdaf.mongodb.net	GET	/api/get-designer-list/650881256b52f36cf6315cf0	http://localhost:3000
2023,10,14,	:20:12:43	6efc1410-3342-4370-8dc1-ed8e3267486d	MongoServerSelectionError : getaddrinfo ENOTFOUND ac-nbfdaib-shard-00-01.qtlcdaf.mongodb.net	GET	/api/get-designer-list/650881256b52f36cf6315cf0	http://localhost:3000
2023,10,14,	:20:12:45	2507f83d-6685-4f4b-b78e-04510a5b3e48	MongoServerSelectionError : getaddrinfo ENOTFOUND ac-nbfdaib-shard-00-01.qtlcdaf.mongodb.net	GET	/api/get-designer-list/650881256b52f36cf6315cf0	http://localhost:3000
2023,10,14,	:20:12:46	f840c315-132e-49dc-a606-89f5a4431328	MongoServerSelectionError : getaddrinfo ENOTFOUND ac-nbfdaib-shard-00-01.qtlcdaf.mongodb.net	GET	/api/get-designer-list/650881256b52f36cf6315cf0	http://localhost:3000
2023,10,14,	:20:13:18	56eb434d-2f46-4190-90f4-d0c3aa9c2651	MongoServerSelectionError : getaddrinfo ENOTFOUND ac-nbfdaib-shard-00-01.qtlcdaf.mongodb.net	GET	/api/get-designer-list/650881256b52f36cf6315cf0	http://localhost:3000
2023,10,14,	:20:13:19	ce11b287-501b-4cf1-8aa3-6cbd3143edaf	MongoServerSelectionError : getaddrinfo ENOTFOUND ac-nbfdaib-shard-00-01.qtlcdaf.mongodb.net	GET	/api/get-designer-list/650881256b52f36cf6315cf0	http://localhost:3000
2023,10,14,	:20:13:22	0930d24c-aaea-4ce1-bb0b-5b903bcb6643	MongoServerSelectionError : getaddrinfo ENOTFOUND ac-nbfdaib-shard-00-01.qtlcdaf.mongodb.net	GET	/api/get-designer-list/650881256b52f36cf6315cf0	http://localhost:3000
2023,10,14,	:20:13:22	b447b55c-86b4-4ad5-8a7b-8fd1becdce59	MongoServerSelectionError : getaddrinfo ENOTFOUND ac-nbfdaib-shard-00-01.qtlcdaf.mongodb.net	GET	/api/get-designer-list/650881256b52f36cf6315cf0	http://localhost:3000
2023,10,14,	:20:13:38	e68820dd-2ab8-4b7e-af71-d55578120969	MongoServerSelectionError : getaddrinfo ENOTFOUND ac-nbfdaib-shard-00-01.qtlcdaf.mongodb.net	GET	/api/get-designer-list/650881256b52f36cf6315cf0	http://localhost:3000
2023,10,14,	:20:13:39	3a5564b5-8a99-4d42-8a70-7dac8d6e95df	MongoServerSelectionError : getaddrinfo ENOTFOUND ac-nbfdaib-shard-00-01.qtlcdaf.mongodb.net	GET	/api/get-designer-list/650881256b52f36cf6315cf0	http://localhost:3000
2023,10,14,	:20:14:02	aa2176aa-b8b6-4e25-9ea1-6fbe4e33c160	MongoServerSelectionError : getaddrinfo ENOTFOUND ac-nbfdaib-shard-00-01.qtlcdaf.mongodb.net	GET	/api/get-designer-list/650881256b52f36cf6315cf0	http://localhost:3000
2023,10,14,	:20:14:03	62daba60-bd46-43dd-b49e-b7c9ac0d0771	MongoServerSelectionError : getaddrinfo ENOTFOUND ac-nbfdaib-shard-00-01.qtlcdaf.mongodb.net	GET	/api/get-designer-list/650881256b52f36cf6315cf0	http://localhost:3000
2023,10,14,	:20:32:54	b5775234-0baa-4405-84d8-13c11b5cc4d6	MongoServerSelectionError : getaddrinfo ENOTFOUND ac-nbfdaib-shard-00-01.qtlcdaf.mongodb.net	GET	/api/get-designer-list/650881256b52f36cf6315cf0	http://localhost:3000
2023,10,14,	:20:32:55	314ef1fe-9a82-4dcc-8112-4fc63512cb90	MongoServerSelectionError : getaddrinfo ENOTFOUND ac-nbfdaib-shard-00-01.qtlcdaf.mongodb.net	GET	/api/get-designer-list/650881256b52f36cf6315cf0	http://localhost:3000
2023,10,14,	:20:33:03	bb22c224-e9ff-45c3-b250-6862b4719aa9	MongoServerSelectionError : getaddrinfo ENOTFOUND ac-nbfdaib-shard-00-01.qtlcdaf.mongodb.net	GET	/api/get-designer-list/650881256b52f36cf6315cf0	http://localhost:3000
2023,10,14,	:20:33:04	6b81ac2c-8250-47d6-aaf4-8c9620c972c5	MongoServerSelectionError : getaddrinfo ENOTFOUND ac-nbfdaib-shard-00-01.qtlcdaf.mongodb.net	GET	/api/get-designer-list/650881256b52f36cf6315cf0	http://localhost:3000
2023,10,14,	:20:34:17	5f18a05a-0d54-4a66-b578-d6e7f130c1ba	MongoServerSelectionError : getaddrinfo ENOTFOUND ac-nbfdaib-shard-00-01.qtlcdaf.mongodb.net	GET	/api/get-designer-list/650881256b52f36cf6315cf0	http://localhost:3000
2023,10,14,	:20:34:17	a83c1b11-4b8b-4012-b6e6-ea6621490fce	MongoServerSelectionError : getaddrinfo ENOTFOUND ac-nbfdaib-shard-00-01.qtlcdaf.mongodb.net	GET	/api/get-designer-list/650881256b52f36cf6315cf0	http://localhost:3000
2023,10,14,	:20:34:27	de5836e8-e30b-4ef6-bbd5-4e9bc8b58a9d	MongoServerSelectionError : getaddrinfo ENOTFOUND ac-nbfdaib-shard-00-01.qtlcdaf.mongodb.net	GET	/api/get-designer-list/650881256b52f36cf6315cf0	http://localhost:3000
2023,10,14,	:20:34:27	2b262c26-11a7-41eb-b0db-df849abef110	MongoServerSelectionError : getaddrinfo ENOTFOUND ac-nbfdaib-shard-00-01.qtlcdaf.mongodb.net	GET	/api/get-designer-list/650881256b52f36cf6315cf0	http://localhost:3000
2023,10,14,	:20:34:44	9f7746f6-ab23-4561-a6ea-3c4bfbc4528b	MongoServerSelectionError : getaddrinfo ENOTFOUND ac-nbfdaib-shard-00-01.qtlcdaf.mongodb.net	GET	/api/get-designer-list/650881256b52f36cf6315cf0	http://localhost:3000
2023,10,14,	:20:34:44	5b23fcb0-0e73-4b36-97a1-b253679ab8c4	MongoServerSelectionError : getaddrinfo ENOTFOUND ac-nbfdaib-shard-00-01.qtlcdaf.mongodb.net	GET	/api/get-designer-list/650881256b52f36cf6315cf0	http://localhost:3000
2023,10,14,	:20:36:21	f0ecf73c-d0e6-4dda-8c03-655b11f1c390	MongoServerSelectionError : getaddrinfo ENOTFOUND ac-nbfdaib-shard-00-01.qtlcdaf.mongodb.net	GET	/api/get-designer-list/650881256b52f36cf6315cf0	http://localhost:3000
2023,10,14,	:20:36:21	2c06aae0-5b96-477b-ab91-5f3509f28e05	MongoServerSelectionError : getaddrinfo ENOTFOUND ac-nbfdaib-shard-00-01.qtlcdaf.mongodb.net	GET	/api/get-designer-list/650881256b52f36cf6315cf0	http://localhost:3000
2023,10,14,	:20:37:02	8b63daf2-9d5e-460e-a785-89f5a4835643	MongoServerSelectionError : getaddrinfo ENOTFOUND ac-nbfdaib-shard-00-01.qtlcdaf.mongodb.net	GET	/graphic-project/650881256b52f36cf6315cf0	http://localhost:3000
2023,10,14,	:20:37:02	48bf4cce-2ad5-44c4-bb21-822e8e698a71	MongoServerSelectionError : getaddrinfo ENOTFOUND ac-nbfdaib-shard-00-01.qtlcdaf.mongodb.net	GET	/api/brand/650881256b52f36cf6315cf0	http://localhost:3000
2023,10,14,	:20:37:02	9a4b9f0f-90a6-436b-a57a-4f000b7ee7ef	MongoServerSelectionError : getaddrinfo ENOTFOUND ac-nbfdaib-shard-00-01.qtlcdaf.mongodb.net	GET	/api/get-designer-list/650881256b52f36cf6315cf0	http://localhost:3000
2023,10,14,	:20:37:02	76c4d4a8-1775-4583-9ca0-b22a940e0bef	MongoServerSelectionError : getaddrinfo ENOTFOUND ac-nbfdaib-shard-00-01.qtlcdaf.mongodb.net	GET	/chat-message/652a88807b79000edbc688af	http://localhost:3000
2023,10,14,	:20:37:02	8ff97ecc-0829-47b0-8699-175147e36c7f	MongoServerSelectionError : getaddrinfo ENOTFOUND ac-nbfdaib-shard-00-01.qtlcdaf.mongodb.net	GET	/graphic-project/650881256b52f36cf6315cf0	http://localhost:3000
2023,10,14,	:20:37:32	92e50c53-6adb-4258-b520-39c2f497b72b	MongoServerSelectionError : getaddrinfo ENOTFOUND ac-nbfdaib-shard-00-01.qtlcdaf.mongodb.net	GET	/api/brand/650881256b52f36cf6315cf0	http://localhost:3000
2023,10,14,	:20:37:32	dd376e8d-b8d1-4673-85d2-a76baf8d9bcf	MongoServerSelectionError : getaddrinfo ENOTFOUND ac-nbfdaib-shard-00-01.qtlcdaf.mongodb.net	GET	/chat-message/652a88807b79000edbc688af	http://localhost:3000
2023,10,14,	:20:37:32	17e7ea2c-066b-45fd-b078-387a0ff1d8d3	MongoServerSelectionError : getaddrinfo ENOTFOUND ac-nbfdaib-shard-00-01.qtlcdaf.mongodb.net	GET	/api/get-designer-list/650881256b52f36cf6315cf0	http://localhost:3000
2023,10,14,	:20:37:32	60569456-3697-40c4-8299-629d90757adf	MongoServerSelectionError : getaddrinfo ENOTFOUND ac-nbfdaib-shard-00-01.qtlcdaf.mongodb.net	GET	/graphic-project/650881256b52f36cf6315cf0	http://localhost:3000
2023,10,14,	:20:37:32	fd606d87-4cb5-43bb-b209-8f81a7e5cf1c	MongoServerSelectionError : getaddrinfo ENOTFOUND ac-nbfdaib-shard-00-01.qtlcdaf.mongodb.net	GET	/api/brand/650881256b52f36cf6315cf0	http://localhost:3000
2023,10,14,	:20:38:02	73bbeca4-d492-4157-b93d-515a9b424d1e	MongoServerSelectionError : getaddrinfo ENOTFOUND ac-nbfdaib-shard-00-01.qtlcdaf.mongodb.net	GET	/api/get-designer-list/650881256b52f36cf6315cf0	http://localhost:3000
2023,10,14,	:20:38:02	765a56b9-fdb4-4378-b8c2-b8aa0e7a4227	MongoServerSelectionError : getaddrinfo ENOTFOUND ac-nbfdaib-shard-00-01.qtlcdaf.mongodb.net	GET	/chat-message/652a88807b79000edbc688af	http://localhost:3000
2023,10,14,	:20:38:02	5e1f1373-e1a1-4791-a77b-a4449a2c28bc	MongoServerSelectionError : getaddrinfo ENOTFOUND ac-nbfdaib-shard-00-01.qtlcdaf.mongodb.net	GET	/graphic-project/650881256b52f36cf6315cf0	http://localhost:3000
2023,10,14,	:20:38:02	cf9c6e81-53fd-4b1d-9db3-08ccf2140368	MongoServerSelectionError : getaddrinfo ENOTFOUND ac-nbfdaib-shard-00-01.qtlcdaf.mongodb.net	GET	/api/brand/650881256b52f36cf6315cf0	http://localhost:3000
2023,10,14,	:20:38:32	d52d326b-cbc9-4186-a603-7f65305cb819	MongoServerSelectionError : getaddrinfo ENOTFOUND ac-nbfdaib-shard-00-01.qtlcdaf.mongodb.net	GET	/api/get-designer-list/650881256b52f36cf6315cf0	http://localhost:3000
2023,10,14,	:20:38:32	dd453425-dad4-4347-97d1-9426965d0a68	MongoServerSelectionError : getaddrinfo ENOTFOUND ac-nbfdaib-shard-00-01.qtlcdaf.mongodb.net	GET	/chat-message/652a88807b79000edbc688af	http://localhost:3000
2023,10,14,	:20:38:32	2d568ea2-c539-42bc-86c8-8b8f2aababfb	MongoServerSelectionError : getaddrinfo ENOTFOUND ac-nbfdaib-shard-00-01.qtlcdaf.mongodb.net	GET	/api/get-designer-list/650881256b52f36cf6315cf0	http://localhost:3000
2023,10,14,	:20:38:32	079999f1-fe25-4055-b9f1-fc5cc160c026	MongoServerSelectionError : getaddrinfo ENOTFOUND ac-nbfdaib-shard-00-01.qtlcdaf.mongodb.net	GET	/api/get-designer-list/650881256b52f36cf6315cf0	http://localhost:3000
2023,10,14,	:20:38:32	6141a0b3-08cb-488c-9a1f-e4ef1ca34ec9	MongoServerSelectionError : getaddrinfo ENOTFOUND ac-nbfdaib-shard-00-01.qtlcdaf.mongodb.net	GET	/api/get-designer-list/650881256b52f36cf6315cf0	http://localhost:3000
2023,10,14,	:20:38:32	a54bf8f5-691b-4f93-852a-d39fe670f22c	MongoServerSelectionError : getaddrinfo ENOTFOUND ac-nbfdaib-shard-00-01.qtlcdaf.mongodb.net	GET	/api/get-designer-list/650881256b52f36cf6315cf0	http://localhost:3000
2023,10,14,	:20:39:21	f9b9bb69-90c8-4e85-ac4f-d3a96a3c4ba0	MongoServerSelectionError : getaddrinfo ENOTFOUND ac-nbfdaib-shard-00-01.qtlcdaf.mongodb.net	GET	/api/get-designer-list/650881256b52f36cf6315cf0	http://localhost:3000
2023,10,14,	:20:39:21	fc1cb6ef-3729-4186-a5f0-254a554f08de	MongoServerSelectionError : getaddrinfo ENOTFOUND ac-nbfdaib-shard-00-01.qtlcdaf.mongodb.net	GET	/api/get-designer-list/650881256b52f36cf6315cf0	http://localhost:3000
2023,10,14,	:20:42:22	8f798dac-9fff-4660-a0fa-dbf5d15915d7	MongoServerSelectionError : getaddrinfo ENOTFOUND ac-nbfdaib-shard-00-01.qtlcdaf.mongodb.net	GET	/chat-message/652a88807b79000edbc688af	http://localhost:3000
2023,10,14,	:20:42:23	41fabbd0-6b8b-4261-96a6-74177b228132	MongoServerSelectionError : getaddrinfo ENOTFOUND ac-nbfdaib-shard-00-01.qtlcdaf.mongodb.net	GET	/chat-message/652a88807b79000edbc688af	http://localhost:3000
2023,10,14,	:20:43:01	738aceef-d009-4867-be4c-bf0429546f2a	MongoServerSelectionError : getaddrinfo ENOTFOUND ac-nbfdaib-shard-00-01.qtlcdaf.mongodb.net	GET	/graphic-project/650881256b52f36cf6315cf0	http://localhost:3000
2023,10,14,	:20:43:01	7e38ac06-ad65-490b-a259-c2580c821d4c	MongoServerSelectionError : getaddrinfo ENOTFOUND ac-nbfdaib-shard-00-01.qtlcdaf.mongodb.net	GET	/api/brand/650881256b52f36cf6315cf0	http://localhost:3000
2023,10,14,	:20:43:01	f18b5081-c225-4941-8308-e02ec51592ab	MongoServerSelectionError : getaddrinfo ENOTFOUND ac-nbfdaib-shard-00-01.qtlcdaf.mongodb.net	GET	/api/get-designer-list/650881256b52f36cf6315cf0	http://localhost:3000
2023,10,14,	:20:43:01	28831b4e-6f06-4d06-b1bf-152b31681f0d	MongoServerSelectionError : getaddrinfo ENOTFOUND ac-nbfdaib-shard-00-01.qtlcdaf.mongodb.net	GET	/chat-message/652a88807b79000edbc688af	http://localhost:3000
2023,10,14,	:20:43:02	fe2f91ab-d2db-4aff-91e7-0601405ead3a	MongoServerSelectionError : getaddrinfo ENOTFOUND ac-nbfdaib-shard-00-01.qtlcdaf.mongodb.net	GET	/graphic-project/650881256b52f36cf6315cf0	http://localhost:3000
2023,10,14,	:20:43:31	c2a8c6c7-028f-42e9-b4fe-d46268d58d4b	MongoServerSelectionError : getaddrinfo ENOTFOUND ac-nbfdaib-shard-00-01.qtlcdaf.mongodb.net	GET	/api/brand/650881256b52f36cf6315cf0	http://localhost:3000
2023,10,14,	:20:43:31	835801fc-bbaa-4b6d-bd44-75f62f2edc5a	MongoServerSelectionError : getaddrinfo ENOTFOUND ac-nbfdaib-shard-00-01.qtlcdaf.mongodb.net	GET	/api/get-designer-list/650881256b52f36cf6315cf0	http://localhost:3000
2023,10,14,	:20:43:32	0f5d69ae-53e6-4713-b772-ed944ea16cb5	MongoServerSelectionError : getaddrinfo ENOTFOUND ac-nbfdaib-shard-00-01.qtlcdaf.mongodb.net	GET	/chat-message/652a88807b79000edbc688af	http://localhost:3000
2023,10,14,	:20:45:59	645eb1bd-99df-42d2-a279-1a280038ca13	MongoServerSelectionError : getaddrinfo ENOTFOUND ac-nbfdaib-shard-00-01.qtlcdaf.mongodb.net	GET	/api/get-designer-list/650881256b52f36cf6315cf0	http://localhost:3000
2023,10,14,	:20:45:59	ed371e24-82b0-4266-b9f9-fd7e72012bb1	MongoServerSelectionError : getaddrinfo ENOTFOUND ac-nbfdaib-shard-00-01.qtlcdaf.mongodb.net	GET	/api/get-designer-list/650881256b52f36cf6315cf0	http://localhost:3000
2023,10,14,	:20:46:50	6f4c8145-3700-40b8-b01c-3c3aaa4eb8b3	MongoServerSelectionError : getaddrinfo ENOTFOUND ac-nbfdaib-shard-00-01.qtlcdaf.mongodb.net	GET	/api/get-designer-list/650881256b52f36cf6315cf0	http://localhost:3000
2023,10,14,	:20:46:51	871286cb-23f8-4b52-b907-5c1c77b8c2d1	MongoServerSelectionError : getaddrinfo ENOTFOUND ac-nbfdaib-shard-00-01.qtlcdaf.mongodb.net	GET	/api/get-designer-list/650881256b52f36cf6315cf0	http://localhost:3000
2023,10,14,	:20:46:54	05f0ddda-c3bf-4343-828b-9e5fc09434c2	MongoServerSelectionError : getaddrinfo ENOTFOUND ac-nbfdaib-shard-00-01.qtlcdaf.mongodb.net	GET	/graphic-project/650881256b52f36cf6315cf0	http://localhost:3000
2023,10,14,	:20:46:54	268619a2-1bfa-43c8-a681-379dfd359934	MongoServerSelectionError : getaddrinfo ENOTFOUND ac-nbfdaib-shard-00-01.qtlcdaf.mongodb.net	GET	/api/brand/650881256b52f36cf6315cf0	http://localhost:3000
2023,10,14,	:20:46:54	6bc9b8f8-ce96-492c-81cb-5269813266b1	MongoServerSelectionError : getaddrinfo ENOTFOUND ac-nbfdaib-shard-00-01.qtlcdaf.mongodb.net	GET	/api/get-designer-list/650881256b52f36cf6315cf0	http://localhost:3000
2023,10,14,	:20:46:54	4ea114e9-f46f-47c4-a7d3-02e9a93783e1	MongoServerSelectionError : getaddrinfo ENOTFOUND ac-nbfdaib-shard-00-01.qtlcdaf.mongodb.net	GET	/chat-message/652a88807b79000edbc688af	http://localhost:3000
2023,10,14,	:20:49:06	dd2e5390-22ab-49da-8112-f618647938ae	MongoServerSelectionError : getaddrinfo ENOTFOUND ac-nbfdaib-shard-00-01.qtlcdaf.mongodb.net	GET	/api/get-designer-list/650881256b52f36cf6315cf0	http://localhost:3000
2023,10,14,	:20:49:07	b5408148-85e9-4213-a551-d0b4958b52f8	MongoServerSelectionError : getaddrinfo ENOTFOUND ac-nbfdaib-shard-00-01.qtlcdaf.mongodb.net	GET	/api/get-designer-list/650881256b52f36cf6315cf0	http://localhost:3000
2023,10,15,	:02:06:04	19b95a45-f33a-432c-888f-6fd0bd9b3787	MongooseError : Operation `project_chat_datas.findOne()` buffering timed out after 10000ms	GET	/chat-message/652a88807b79000edbc688af	http://localhost:3000
2023,10,15,	:02:06:04	35a0b7de-27a2-4618-a3ce-797c744a5583	MongooseError : Operation `project_chat_datas.findOne()` buffering timed out after 10000ms	GET	/chat-message/652a88807b79000edbc688af	http://localhost:3000
2023,10,15,	:02:06:21	42f824f3-ce8f-4bf8-bfc6-7ee43e4e0471	MongooseError : Operation `project_chat_datas.findOne()` buffering timed out after 10000ms	GET	/chat-message/652a88807b79000edbc688af	http://localhost:3000
2023,10,15,	:02:06:21	685baf9c-5d0e-4206-b152-f8bf46fb8cdf	MongooseError : Operation `project_chat_datas.findOne()` buffering timed out after 10000ms	GET	/chat-message/652a88807b79000edbc688af	http://localhost:3000
2023,10,15,	:02:07:10	bede2668-a551-4cbe-9548-061a911275b1	MongooseError : Operation `graphicdesigns.findOne()` buffering timed out after 10000ms	PATCH	/graphic-project	http://localhost:3000
2023,10,16,	:22:45:37	860cc2ba-0383-408e-b21e-0cbbde908293	MongoServerSelectionError : getaddrinfo ENOTFOUND ac-nbfdaib-shard-00-02.qtlcdaf.mongodb.net	GET	/api/brand/652d669292bbe6a5342e2929	http://localhost:3000
2023,10,16,	:22:45:37	1e380f47-f98c-4093-9216-e8fc28b41e44	MongoServerSelectionError : getaddrinfo ENOTFOUND ac-nbfdaib-shard-00-02.qtlcdaf.mongodb.net	GET	/graphic-project/652d669292bbe6a5342e2929	http://localhost:3000
2023,10,16,	:22:45:39	0d8df868-24ff-4990-b200-958e78c4046c	MongoServerSelectionError : getaddrinfo ENOTFOUND ac-nbfdaib-shard-00-02.qtlcdaf.mongodb.net	GET	/api/brand/652d669292bbe6a5342e2929	http://localhost:3000
2023,10,16,	:22:45:42	b8818963-ec8e-48f9-86ee-d9ba97b4d6d6	MongoServerSelectionError : getaddrinfo ENOTFOUND ac-nbfdaib-shard-00-02.qtlcdaf.mongodb.net	GET	/graphic-project/652d669292bbe6a5342e2929	http://localhost:3000
2023,10,17,	:00:39:41	09895c78-a659-4587-a66e-f01e7d0c3964	MongoServerSelectionError : getaddrinfo ENOTFOUND ac-nbfdaib-shard-00-00.qtlcdaf.mongodb.net	GET	/api/brand/652d669292bbe6a5342e2929	http://localhost:3000
2023,10,17,	:00:39:41	463dad99-26c4-436f-8738-e63ac7cca0bb	MongoServerSelectionError : getaddrinfo ENOTFOUND ac-nbfdaib-shard-00-00.qtlcdaf.mongodb.net	GET	/graphic-project/652d669292bbe6a5342e2929	http://localhost:3000
2023,10,17,	:00:39:41	7caffe22-aff7-4b41-91de-75174e47bad2	MongoServerSelectionError : getaddrinfo ENOTFOUND ac-nbfdaib-shard-00-00.qtlcdaf.mongodb.net	GET	/graphic-project/652d669292bbe6a5342e2929	http://localhost:3000
2023,10,17,	:00:39:41	4d96f01f-4a7b-4554-80b8-cfd01a85840a	MongoServerSelectionError : getaddrinfo ENOTFOUND ac-nbfdaib-shard-00-00.qtlcdaf.mongodb.net	GET	/api/brand/652d669292bbe6a5342e2929	http://localhost:3000
2023,10,18,	:06:52:39	fd0e752e-2872-4631-95e1-4a640912ecc1	MongoServerSelectionError : getaddrinfo ENOTFOUND ac-nbfdaib-shard-00-02.qtlcdaf.mongodb.net	GET	/graphic-project/652d669292bbe6a5342e2929	http://localhost:3000
2023,10,18,	:06:52:59	e1323d76-adf5-4aca-8f51-57a9f5d35e47	MongoServerSelectionError : getaddrinfo ENOTFOUND ac-nbfdaib-shard-00-02.qtlcdaf.mongodb.net	GET	/graphic-project/652d669292bbe6a5342e2929	http://localhost:3000
2023,10,18,	:06:53:14	65cef054-5bdb-4019-a181-a978ada5ad23	MongoServerSelectionError : getaddrinfo ENOTFOUND ac-nbfdaib-shard-00-02.qtlcdaf.mongodb.net	GET	/graphic-project/652d669292bbe6a5342e2929	http://localhost:3000
2023,10,18,	:06:53:34	870d387b-3e8d-46e7-9634-cc59de3f1acf	MongoServerSelectionError : getaddrinfo ENOTFOUND ac-nbfdaib-shard-00-02.qtlcdaf.mongodb.net	GET	/graphic-project/652d669292bbe6a5342e2929	http://localhost:3000
2023,10,18,	:06:53:35	804fa11f-48fc-44db-9875-99761bf69a13	MongoServerSelectionError : getaddrinfo ENOTFOUND ac-nbfdaib-shard-00-02.qtlcdaf.mongodb.net	GET	/graphic-project/652d669292bbe6a5342e2929	http://localhost:3000
2023,10,18,	:06:53:44	96e1151a-bc2e-4a43-98a6-ada84c42a50e	MongoServerSelectionError : getaddrinfo ENOTFOUND ac-nbfdaib-shard-00-02.qtlcdaf.mongodb.net	GET	/graphic-project/652d669292bbe6a5342e2929	http://localhost:3000
2023,10,18,	:06:54:05	cf7f71c3-7911-4553-829f-80d20dd3d5da	MongoServerSelectionError : getaddrinfo ENOTFOUND ac-nbfdaib-shard-00-02.qtlcdaf.mongodb.net	GET	/graphic-project/652d669292bbe6a5342e2929	http://localhost:3000
2023,10,18,	:06:54:14	0bebfe2d-6722-43ac-a83c-e8751a26c7cc	MongoServerSelectionError : getaddrinfo ENOTFOUND ac-nbfdaib-shard-00-02.qtlcdaf.mongodb.net	GET	/graphic-project/652d669292bbe6a5342e2929	http://localhost:3000
2023,10,18,	:06:54:14	b9aa84c1-4923-4367-a579-4a672863edb3	MongoServerSelectionError : getaddrinfo ENOTFOUND ac-nbfdaib-shard-00-02.qtlcdaf.mongodb.net	GET	/graphic-project/652d669292bbe6a5342e2929	http://localhost:3000
2023,10,18,	:06:54:34	be00162e-a24e-4fcf-8754-99f7aca81208	MongoServerSelectionError : getaddrinfo ENOTFOUND ac-nbfdaib-shard-00-02.qtlcdaf.mongodb.net	GET	/graphic-project/652d669292bbe6a5342e2929	http://localhost:3000
2023,10,18,	:06:54:35	630bc1bd-e8ad-491d-bc8f-73b5a7b7e195	MongoServerSelectionError : getaddrinfo ENOTFOUND ac-nbfdaib-shard-00-02.qtlcdaf.mongodb.net	GET	/graphic-project/652d669292bbe6a5342e2929	http://localhost:3000
2023,10,18,	:06:54:44	ec9e4a68-5fda-43a5-8615-b31dbd308e6a	MongoServerSelectionError : getaddrinfo ENOTFOUND ac-nbfdaib-shard-00-02.qtlcdaf.mongodb.net	GET	/graphic-project/652d669292bbe6a5342e2929	http://localhost:3000
2023,10,18,	:06:55:04	9d8880e9-a90f-4ced-8692-95a88834b961	MongoServerSelectionError : getaddrinfo ENOTFOUND ac-nbfdaib-shard-00-02.qtlcdaf.mongodb.net	GET	/graphic-project/652d669292bbe6a5342e2929	http://localhost:3000
2023,10,18,	:06:55:05	37580e88-9cca-4896-8f3a-9b0db54d074b	MongoServerSelectionError : getaddrinfo ENOTFOUND ac-nbfdaib-shard-00-02.qtlcdaf.mongodb.net	GET	/graphic-project/652d669292bbe6a5342e2929	http://localhost:3000
2023,10,18,	:06:55:05	30bece6d-260f-48fc-8c05-af4a6ee53e8a	MongoServerSelectionError : getaddrinfo ENOTFOUND ac-nbfdaib-shard-00-02.qtlcdaf.mongodb.net	GET	/graphic-project/652d669292bbe6a5342e2929	http://localhost:3000
2023,10,18,	:06:55:14	0af2d346-2f42-4d05-8456-0c62f7ff5f72	MongoServerSelectionError : getaddrinfo ENOTFOUND ac-nbfdaib-shard-00-02.qtlcdaf.mongodb.net	GET	/graphic-project/652d669292bbe6a5342e2929	http://localhost:3000
2023,10,18,	:18:49:53	acc85492-48b7-4d8c-9f9d-87d55e36c9c1	MongoServerSelectionError : getaddrinfo ENOTFOUND ac-nbfdaib-shard-00-00.qtlcdaf.mongodb.net	GET	/graphic-project/652d669292bbe6a5342e2929	http://localhost:3000
2023,10,18,	:18:50:13	4ff62f0e-7e94-4bad-b66d-f70cd8f8c290	MongoServerSelectionError : getaddrinfo ENOTFOUND ac-nbfdaib-shard-00-00.qtlcdaf.mongodb.net	GET	/graphic-project/652d669292bbe6a5342e2929	http://localhost:3000
2023,10,18,	:18:50:31	da767baa-245c-4ea4-8702-ee23c8929aac	MongoServerSelectionError : getaddrinfo ENOTFOUND ac-nbfdaib-shard-00-00.qtlcdaf.mongodb.net	GET	/graphic-project/652d669292bbe6a5342e2929	http://localhost:3000
